*** EVALUATION ***
ANSI-C/cC++ Compiler for HC12 V-5.0.41 Build 10203, Jul 23 2010

    1:  // filename ******** main.c ************** 
    2:  // EE319K Lab 8 starter system    
    3:  //    Jonathan W. Valvano  4/12/12
    4:  // Potentiometer connected to 9S12
    5:  
    6:  #include <hidef.h>        /* common defines and macros */
    7:  #include "derivative.h"   /* derivative-specific definitions */
    8:  #include "ADC.h"
    9:  #include "PLL.h"
   10:  #include "LCD.h"
   11:  #include "OC.h"
   12:  
   13:  void LCD_Open(void);
   14:  void LCD_Clear(void);
   15:  void LCD_OutChar(unsigned short Data);
   16:  unsigned short Convert(unsigned short data);
   17:  
   18:  unsigned short Data;      // 8-bit ADC
   19:  unsigned short Position;  // 16-bit fixed-point 0.01 cm
   20:  
   21:  
   22:  extern unsigned char ADCStatus;
   23:  extern unsigned char ADCMail;
   24:  
   25:  
   26:  /*void main1(void){
   27:    LCD_Open();    // Initialize LCD Display
   28:    LCD_Clear();
   29:    PLL_Init();  // E clock is 24 MHz in both RUN and LOAD modes
   30:    ADC_Init();  // turn on ADC
   31:  asm cli        // enable debugger
   32:    for(;;){
   33:      Data = ADC_In(4);  // sample 8-bit channel 4
   34:      LCD_OutChar(Data);
   35:    }
   36:  }   */
   37:  
   38:  /*void main(void){
   39:    PLL_Init();  // E clock is 24 MHz in both RUN and LOAD modes
   40:    ADC_Init();  // turn on ADC
   41:    LCD_Open();
   42:    LCD_Clear();
   43:  asm cli        // enable debugger
   44:    for(;;){
   45:      LCD_Clear();       // clear display
   46:      Data = ADC_In(2);  // sample 8-bit channel
   47:       
   48:      LCD_OutDec(Data);
   49:      Timer_Wait10ms(10); // 100ms wait
   50:    }
   51:  }    */
   52:  
   53:  //*********  Convert *********
   54:  // converts 8-bit ADC to fixed-point position in cm
   55:  // Input: 8-bit ADC 0 to 255
   56:  // Output: position in 0.01 cm
   57:  // needs calibration
   58:  unsigned short Convert(unsigned short data){
*** EVALUATION ***

Function: Convert
Source  : \\psf\Home\Desktop\EE319K\Lab8(ACD)\Sources\main.c
Options : -Cc -CPUHCS12 -D__NO_FLOAT__ -D_HCS12_SERIALMON -Env"GENPATH=\\psf\Home\Desktop\EE319K\Lab8(ACD);\\psf\Home\Desktop\EE319K\Lab8(ACD)\bin;\\psf\Home\Desktop\EE319K\Lab8(ACD)\prm;\\psf\Home\Desktop\EE319K\Lab8(ACD)\cmd;\\psf\Home\Desktop\EE319K\Lab8(ACD)\Sources;C:\Program Files\Freescale\CWS12v5.1\lib\HC12c\lib;C:\Program Files\Freescale\CWS12v5.1\lib\HC12c\src;C:\Program Files\Freescale\CWS12v5.1\lib\HC12c\include" -Env"LIBPATH=C:\Program Files\Freescale\CWS12v5.1\lib\HC12c\include" -EnvOBJPATH=\\psf\Home\Desktop\EE319K\Lab8(ACD)\bin -EnvTEXTPATH=\\psf\Home\Desktop\EE319K\Lab8(ACD)\bin -Lasm=%n.lst -Ms -ObjN=\\psf\Home\Desktop\EE319K\Lab8(ACD)\Lab8_Data\Standard\ObjectCode\main.c.o -WmsgSd1106

  0000 1bf2fdfe     [2]     LEAS  -514,SP
  0004 3b           [2]     PSHD  
   59:    unsigned short position;
   60:    unsigned short cmData[257] = {
   61:  106,
  0005 c66a         [1]     LDAB  #106
  0007 87           [1]     CLRA  
  0008 6c82         [2]     STD   2,SP
   62:  106,
  000a 6c84         [2]     STD   4,SP
   63:  107,
  000c 52           [1]     INCB  
  000d 6c86         [2]     STD   6,SP
   64:  108,
  000f 52           [1]     INCB  
  0010 6c88         [2]     STD   8,SP
   65:  108,
  0012 6c8a         [2]     STD   10,SP
   66:  109,
  0014 52           [1]     INCB  
  0015 6c8c         [2]     STD   12,SP
   67:  110,
  0017 52           [1]     INCB  
  0018 6c8e         [2]     STD   14,SP
   68:  111,
  001a 52           [1]     INCB  
  001b 6cf010       [3]     STD   16,SP
   69:  111,
  001e 6cf012       [3]     STD   18,SP
   70:  112,
  0021 52           [1]     INCB  
  0022 6cf014       [3]     STD   20,SP
   71:  113,
  0025 52           [1]     INCB  
  0026 6cf016       [3]     STD   22,SP
   72:  114,
  0029 52           [1]     INCB  
  002a 6cf018       [3]     STD   24,SP
   73:  114,
  002d 6cf01a       [3]     STD   26,SP
   74:  115,
  0030 52           [1]     INCB  
  0031 6cf01c       [3]     STD   28,SP
   75:  116,
  0034 52           [1]     INCB  
  0035 6cf01e       [3]     STD   30,SP
   76:  117,
  0038 52           [1]     INCB  
  0039 6cf020       [3]     STD   32,SP
   77:  117,
  003c 6cf022       [3]     STD   34,SP
   78:  118,
  003f 52           [1]     INCB  
  0040 6cf024       [3]     STD   36,SP
   79:  119,
  0043 52           [1]     INCB  
  0044 6cf026       [3]     STD   38,SP
   80:  120,
  0047 52           [1]     INCB  
  0048 6cf028       [3]     STD   40,SP
   81:  120,
  004b 6cf02a       [3]     STD   42,SP
   82:  121,
  004e 52           [1]     INCB  
  004f 6cf02c       [3]     STD   44,SP
   83:  122,
  0052 52           [1]     INCB  
  0053 6cf02e       [3]     STD   46,SP
   84:  123,
  0056 52           [1]     INCB  
  0057 6cf030       [3]     STD   48,SP
   85:  123,
  005a 6cf032       [3]     STD   50,SP
   86:  124,
  005d 52           [1]     INCB  
  005e 6cf034       [3]     STD   52,SP
   87:  125,
  0061 52           [1]     INCB  
  0062 6cf036       [3]     STD   54,SP
   88:  125,
  0065 6cf038       [3]     STD   56,SP
   89:  126,
  0068 52           [1]     INCB  
  0069 6cf03a       [3]     STD   58,SP
   90:  127,
  006c 52           [1]     INCB  
  006d 6cf03c       [3]     STD   60,SP
   91:  128,
  0070 52           [1]     INCB  
  0071 6cf03e       [3]     STD   62,SP
   92:  128,
  0074 6cf040       [3]     STD   64,SP
   93:  129,
  0077 52           [1]     INCB  
  0078 6cf042       [3]     STD   66,SP
   94:  130,
  007b 52           [1]     INCB  
  007c 6cf044       [3]     STD   68,SP
   95:  131,
  007f 52           [1]     INCB  
  0080 6cf046       [3]     STD   70,SP
   96:  131,
  0083 6cf048       [3]     STD   72,SP
   97:  132,
  0086 52           [1]     INCB  
  0087 6cf04a       [3]     STD   74,SP
   98:  133,
  008a 52           [1]     INCB  
  008b 6cf04c       [3]     STD   76,SP
   99:  134,
  008e 52           [1]     INCB  
  008f 6cf04e       [3]     STD   78,SP
  100:  134,
  0092 6cf050       [3]     STD   80,SP
  101:  135,
  0095 52           [1]     INCB  
  0096 6cf052       [3]     STD   82,SP
  102:  136,
  0099 52           [1]     INCB  
  009a 6cf054       [3]     STD   84,SP
  103:  137,
  009d 52           [1]     INCB  
  009e 6cf056       [3]     STD   86,SP
  104:  137,
  00a1 6cf058       [3]     STD   88,SP
  105:  138,
  00a4 52           [1]     INCB  
  00a5 6cf05a       [3]     STD   90,SP
  106:  139,
  00a8 52           [1]     INCB  
  00a9 6cf05c       [3]     STD   92,SP
  107:  140,
  00ac 52           [1]     INCB  
  00ad 6cf05e       [3]     STD   94,SP
  108:  140,
  00b0 6cf060       [3]     STD   96,SP
  109:  141,
  00b3 52           [1]     INCB  
  00b4 6cf062       [3]     STD   98,SP
  110:  142,
  00b7 52           [1]     INCB  
  00b8 6cf064       [3]     STD   100,SP
  111:  143,
  00bb 52           [1]     INCB  
  00bc 6cf066       [3]     STD   102,SP
  112:  143,
  00bf 6cf068       [3]     STD   104,SP
  113:  144,
  00c2 52           [1]     INCB  
  00c3 6cf06a       [3]     STD   106,SP
  114:  145,
  00c6 52           [1]     INCB  
  00c7 6cf06c       [3]     STD   108,SP
  115:  145,
  00ca 6cf06e       [3]     STD   110,SP
  116:  146,
  00cd 52           [1]     INCB  
  00ce 6cf070       [3]     STD   112,SP
  117:  147,
  00d1 52           [1]     INCB  
  00d2 6cf072       [3]     STD   114,SP
  118:  148,
  00d5 52           [1]     INCB  
  00d6 6cf074       [3]     STD   116,SP
  119:  148,
  00d9 6cf076       [3]     STD   118,SP
  120:  149,
  00dc 52           [1]     INCB  
  00dd 6cf078       [3]     STD   120,SP
  121:  150,
  00e0 52           [1]     INCB  
  00e1 6cf07a       [3]     STD   122,SP
  122:  151,
  00e4 52           [1]     INCB  
  00e5 6cf07c       [3]     STD   124,SP
  123:  151,
  00e8 6cf07e       [3]     STD   126,SP
  124:  152,
  00eb 52           [1]     INCB  
  00ec 6cf080       [3]     STD   128,SP
  125:  153,
  00ef 52           [1]     INCB  
  00f0 6cf082       [3]     STD   130,SP
  126:  154,
  00f3 52           [1]     INCB  
  00f4 6cf084       [3]     STD   132,SP
  127:  154,
  00f7 6cf086       [3]     STD   134,SP
  128:  155,
  00fa 52           [1]     INCB  
  00fb 6cf088       [3]     STD   136,SP
  129:  156,
  00fe 52           [1]     INCB  
  00ff 6cf08a       [3]     STD   138,SP
  130:  157,
  0102 52           [1]     INCB  
  0103 6cf08c       [3]     STD   140,SP
  131:  157,
  0106 6cf08e       [3]     STD   142,SP
  132:  158,
  0109 52           [1]     INCB  
  010a 6cf090       [3]     STD   144,SP
  133:  159,
  010d 52           [1]     INCB  
  010e 6cf092       [3]     STD   146,SP
  134:  160,
  0111 52           [1]     INCB  
  0112 6cf094       [3]     STD   148,SP
  135:  160,
  0115 6cf096       [3]     STD   150,SP
  136:  161,
  0118 52           [1]     INCB  
  0119 6cf098       [3]     STD   152,SP
  137:  162,
  011c 52           [1]     INCB  
  011d 6cf09a       [3]     STD   154,SP
  138:  162,
  0120 6cf09c       [3]     STD   156,SP
  139:  163,
  0123 52           [1]     INCB  
  0124 6cf09e       [3]     STD   158,SP
  140:  164,
  0127 52           [1]     INCB  
  0128 6cf0a0       [3]     STD   160,SP
  141:  165,
  012b 52           [1]     INCB  
  012c 6cf0a2       [3]     STD   162,SP
  142:  165,
  012f 6cf0a4       [3]     STD   164,SP
  143:  166,
  0132 52           [1]     INCB  
  0133 6cf0a6       [3]     STD   166,SP
  144:  167,
  0136 52           [1]     INCB  
  0137 6cf0a8       [3]     STD   168,SP
  145:  168,
  013a 52           [1]     INCB  
  013b 6cf0aa       [3]     STD   170,SP
  146:  168,
  013e 6cf0ac       [3]     STD   172,SP
  147:  169,
  0141 52           [1]     INCB  
  0142 6cf0ae       [3]     STD   174,SP
  148:  170,
  0145 52           [1]     INCB  
  0146 6cf0b0       [3]     STD   176,SP
  149:  171,
  0149 52           [1]     INCB  
  014a 6cf0b2       [3]     STD   178,SP
  150:  171,
  014d 6cf0b4       [3]     STD   180,SP
  151:  172,
  0150 52           [1]     INCB  
  0151 6cf0b6       [3]     STD   182,SP
  152:  173,
  0154 52           [1]     INCB  
  0155 6cf0b8       [3]     STD   184,SP
  153:  174,
  0158 52           [1]     INCB  
  0159 6cf0ba       [3]     STD   186,SP
  154:  174,
  015c 6cf0bc       [3]     STD   188,SP
  155:  175,
  015f 52           [1]     INCB  
  0160 6cf0be       [3]     STD   190,SP
  156:  176,
  0163 52           [1]     INCB  
  0164 6cf0c0       [3]     STD   192,SP
  157:  177,
  0167 52           [1]     INCB  
  0168 6cf0c2       [3]     STD   194,SP
  158:  177,
  016b 6cf0c4       [3]     STD   196,SP
  159:  178,
  016e 52           [1]     INCB  
  016f 6cf0c6       [3]     STD   198,SP
  160:  179,
  0172 52           [1]     INCB  
  0173 6cf0c8       [3]     STD   200,SP
  161:  180,
  0176 52           [1]     INCB  
  0177 6cf0ca       [3]     STD   202,SP
  162:  180,
  017a 6cf0cc       [3]     STD   204,SP
  163:  181,
  017d 52           [1]     INCB  
  017e 6cf0ce       [3]     STD   206,SP
  164:  182,
  0181 52           [1]     INCB  
  0182 6cf0d0       [3]     STD   208,SP
  165:  182,
  0185 6cf0d2       [3]     STD   210,SP
  166:  183,
  0188 52           [1]     INCB  
  0189 6cf0d4       [3]     STD   212,SP
  167:  184,
  018c 52           [1]     INCB  
  018d 6cf0d6       [3]     STD   214,SP
  168:  185,
  0190 52           [1]     INCB  
  0191 6cf0d8       [3]     STD   216,SP
  169:  185,
  0194 6cf0da       [3]     STD   218,SP
  170:  186,
  0197 52           [1]     INCB  
  0198 6cf0dc       [3]     STD   220,SP
  171:  187,
  019b 52           [1]     INCB  
  019c 6cf0de       [3]     STD   222,SP
  172:  188,
  019f 52           [1]     INCB  
  01a0 6cf0e0       [3]     STD   224,SP
  173:  188,
  01a3 6cf0e2       [3]     STD   226,SP
  174:  189,
  01a6 52           [1]     INCB  
  01a7 6cf0e4       [3]     STD   228,SP
  175:  190,
  01aa 52           [1]     INCB  
  01ab 6cf0e6       [3]     STD   230,SP
  176:  191,
  01ae 52           [1]     INCB  
  01af 6cf0e8       [3]     STD   232,SP
  177:  191,
  01b2 6cf0ea       [3]     STD   234,SP
  178:  192,
  01b5 52           [1]     INCB  
  01b6 6cf0ec       [3]     STD   236,SP
  179:  193,
  01b9 52           [1]     INCB  
  01ba 6cf0ee       [3]     STD   238,SP
  180:  194,
  01bd 52           [1]     INCB  
  01be 6cf0f0       [3]     STD   240,SP
  181:  194,
  01c1 6cf0f2       [3]     STD   242,SP
  182:  195,
  01c4 52           [1]     INCB  
  01c5 6cf0f4       [3]     STD   244,SP
  183:  196,
  01c8 52           [1]     INCB  
  01c9 6cf0f6       [3]     STD   246,SP
  184:  197,
  01cc 52           [1]     INCB  
  01cd 6cf0f8       [3]     STD   248,SP
  185:  197,
  01d0 6cf0fa       [3]     STD   250,SP
  186:  198,
  01d3 52           [1]     INCB  
  01d4 6cf0fc       [3]     STD   252,SP
  187:  199,
  01d7 52           [1]     INCB  
  01d8 6cf0fe       [3]     STD   254,SP
  188:  199,
  01db 6cf20100     [3]     STD   256,SP
  189:  200,
  01df 52           [1]     INCB  
  01e0 6cf20102     [3]     STD   258,SP
  190:  201,
  01e4 52           [1]     INCB  
  01e5 6cf20104     [3]     STD   260,SP
  191:  202,
  01e9 52           [1]     INCB  
  01ea 6cf20106     [3]     STD   262,SP
  192:  202,
  01ee 6cf20108     [3]     STD   264,SP
  193:  203,
  01f2 52           [1]     INCB  
  01f3 6cf2010a     [3]     STD   266,SP
  194:  204,
  01f7 52           [1]     INCB  
  01f8 6cf2010c     [3]     STD   268,SP
  195:  205,
  01fc 52           [1]     INCB  
  01fd 6cf2010e     [3]     STD   270,SP
  196:  205,
  0201 6cf20110     [3]     STD   272,SP
  197:  206,
  0205 52           [1]     INCB  
  0206 6cf20112     [3]     STD   274,SP
  198:  207,
  020a 52           [1]     INCB  
  020b 6cf20114     [3]     STD   276,SP
  199:  208,
  020f 52           [1]     INCB  
  0210 6cf20116     [3]     STD   278,SP
  200:  208,
  0214 6cf20118     [3]     STD   280,SP
  201:  209,
  0218 52           [1]     INCB  
  0219 6cf2011a     [3]     STD   282,SP
  202:  210,
  021d 52           [1]     INCB  
  021e 6cf2011c     [3]     STD   284,SP
  203:  211,
  0222 52           [1]     INCB  
  0223 6cf2011e     [3]     STD   286,SP
  204:  211,
  0227 6cf20120     [3]     STD   288,SP
  205:  212,
  022b 52           [1]     INCB  
  022c 6cf20122     [3]     STD   290,SP
  206:  213,
  0230 52           [1]     INCB  
  0231 6cf20124     [3]     STD   292,SP
  207:  214,
  0235 52           [1]     INCB  
  0236 6cf20126     [3]     STD   294,SP
  208:  214,
  023a 6cf20128     [3]     STD   296,SP
  209:  215,
  023e 52           [1]     INCB  
  023f 6cf2012a     [3]     STD   298,SP
  210:  216,
  0243 52           [1]     INCB  
  0244 6cf2012c     [3]     STD   300,SP
  211:  217,
  0248 52           [1]     INCB  
  0249 6cf2012e     [3]     STD   302,SP
  212:  217,
  024d 6cf20130     [3]     STD   304,SP
  213:  218,
  0251 52           [1]     INCB  
  0252 6cf20132     [3]     STD   306,SP
  214:  219,
  0256 52           [1]     INCB  
  0257 6cf20134     [3]     STD   308,SP
  215:  219,
  025b 6cf20136     [3]     STD   310,SP
  216:  220,
  025f 52           [1]     INCB  
  0260 6cf20138     [3]     STD   312,SP
  217:  221,
  0264 52           [1]     INCB  
  0265 6cf2013a     [3]     STD   314,SP
  218:  222,
  0269 52           [1]     INCB  
  026a 6cf2013c     [3]     STD   316,SP
  219:  222,
  026e 6cf2013e     [3]     STD   318,SP
  220:  223,
  0272 52           [1]     INCB  
  0273 6cf20140     [3]     STD   320,SP
  221:  224,
  0277 52           [1]     INCB  
  0278 6cf20142     [3]     STD   322,SP
  222:  225,
  027c 52           [1]     INCB  
  027d 6cf20144     [3]     STD   324,SP
  223:  225,
  0281 6cf20146     [3]     STD   326,SP
  224:  226,
  0285 52           [1]     INCB  
  0286 6cf20148     [3]     STD   328,SP
  225:  227,
  028a 52           [1]     INCB  
  028b 6cf2014a     [3]     STD   330,SP
  226:  228,
  028f 52           [1]     INCB  
  0290 6cf2014c     [3]     STD   332,SP
  227:  228,
  0294 6cf2014e     [3]     STD   334,SP
  228:  229,
  0298 52           [1]     INCB  
  0299 6cf20150     [3]     STD   336,SP
  229:  230,
  029d 52           [1]     INCB  
  029e 6cf20152     [3]     STD   338,SP
  230:  231,
  02a2 52           [1]     INCB  
  02a3 6cf20154     [3]     STD   340,SP
  231:  231,
  02a7 6cf20156     [3]     STD   342,SP
  232:  232,
  02ab 52           [1]     INCB  
  02ac 6cf20158     [3]     STD   344,SP
  233:  233,
  02b0 52           [1]     INCB  
  02b1 6cf2015a     [3]     STD   346,SP
  234:  234,
  02b5 52           [1]     INCB  
  02b6 6cf2015c     [3]     STD   348,SP
  235:  234,
  02ba 6cf2015e     [3]     STD   350,SP
  236:  235,
  02be 52           [1]     INCB  
  02bf 6cf20160     [3]     STD   352,SP
  237:  236,
  02c3 52           [1]     INCB  
  02c4 6cf20162     [3]     STD   354,SP
  238:  236,
  02c8 6cf20164     [3]     STD   356,SP
  239:  237,
  02cc 52           [1]     INCB  
  02cd 6cf20166     [3]     STD   358,SP
  240:  238,
  02d1 52           [1]     INCB  
  02d2 6cf20168     [3]     STD   360,SP
  241:  239,
  02d6 52           [1]     INCB  
  02d7 6cf2016a     [3]     STD   362,SP
  242:  239,
  02db 6cf2016c     [3]     STD   364,SP
  243:  240,
  02df 52           [1]     INCB  
  02e0 6cf2016e     [3]     STD   366,SP
  244:  241,
  02e4 52           [1]     INCB  
  02e5 6cf20170     [3]     STD   368,SP
  245:  242,
  02e9 52           [1]     INCB  
  02ea 6cf20172     [3]     STD   370,SP
  246:  242,
  02ee 6cf20174     [3]     STD   372,SP
  247:  243,
  02f2 52           [1]     INCB  
  02f3 6cf20176     [3]     STD   374,SP
  248:  244,
  02f7 52           [1]     INCB  
  02f8 6cf20178     [3]     STD   376,SP
  249:  245,
  02fc 52           [1]     INCB  
  02fd 6cf2017a     [3]     STD   378,SP
  250:  245,
  0301 6cf2017c     [3]     STD   380,SP
  251:  246,
  0305 52           [1]     INCB  
  0306 6cf2017e     [3]     STD   382,SP
  252:  247,
  030a 52           [1]     INCB  
  030b 6cf20180     [3]     STD   384,SP
  253:  248,
  030f 52           [1]     INCB  
  0310 6cf20182     [3]     STD   386,SP
  254:  248,
  0314 6cf20184     [3]     STD   388,SP
  255:  249,
  0318 52           [1]     INCB  
  0319 6cf20186     [3]     STD   390,SP
  256:  250,
  031d 52           [1]     INCB  
  031e 6cf20188     [3]     STD   392,SP
  257:  251,
  0322 52           [1]     INCB  
  0323 6cf2018a     [3]     STD   394,SP
  258:  251,
  0327 6cf2018c     [3]     STD   396,SP
  259:  252,
  032b 52           [1]     INCB  
  032c 6cf2018e     [3]     STD   398,SP
  260:  253,
  0330 52           [1]     INCB  
  0331 6cf20190     [3]     STD   400,SP
  261:  254,
  0335 57           [1]     ASRB  
  0336 6cf20192     [3]     STD   402,SP
  262:  254,
  033a 6cf20194     [3]     STD   404,SP
  263:  255,
  033e 57           [1]     ASRB  
  033f 6cf20196     [3]     STD   406,SP
  264:  256,
  0343 c7           [1]     CLRB  
  0344 42           [1]     INCA  
  0345 6cf20198     [3]     STD   408,SP
  265:  256,
  0349 6cf2019a     [3]     STD   410,SP
  266:  257,
  034d 52           [1]     INCB  
  034e 6cf2019c     [3]     STD   412,SP
  267:  258,
  0352 58           [1]     LSLB  
  0353 6cf2019e     [3]     STD   414,SP
  268:  259,
  0357 52           [1]     INCB  
  0358 6cf201a0     [3]     STD   416,SP
  269:  259,
  035c 6cf201a2     [3]     STD   418,SP
  270:  260,
  0360 52           [1]     INCB  
  0361 6cf201a4     [3]     STD   420,SP
  271:  261,
  0365 52           [1]     INCB  
  0366 6cf201a6     [3]     STD   422,SP
  272:  262,
  036a 52           [1]     INCB  
  036b 6cf201a8     [3]     STD   424,SP
  273:  262,
  036f 6cf201aa     [3]     STD   426,SP
  274:  263,
  0373 52           [1]     INCB  
  0374 6cf201ac     [3]     STD   428,SP
  275:  264,
  0378 52           [1]     INCB  
  0379 6cf201ae     [3]     STD   430,SP
  276:  265,
  037d 52           [1]     INCB  
  037e 6cf201b0     [3]     STD   432,SP
  277:  265,
  0382 6cf201b2     [3]     STD   434,SP
  278:  266,
  0386 52           [1]     INCB  
  0387 6cf201b4     [3]     STD   436,SP
  279:  267,
  038b 52           [1]     INCB  
  038c 6cf201b6     [3]     STD   438,SP
  280:  268,
  0390 52           [1]     INCB  
  0391 6cf201b8     [3]     STD   440,SP
  281:  268,
  0395 6cf201ba     [3]     STD   442,SP
  282:  269,
  0399 52           [1]     INCB  
  039a 6cf201bc     [3]     STD   444,SP
  283:  270,
  039e 52           [1]     INCB  
  039f 6cf201be     [3]     STD   446,SP
  284:  271,
  03a3 52           [1]     INCB  
  03a4 6cf201c0     [3]     STD   448,SP
  285:  271,
  03a8 6cf201c2     [3]     STD   450,SP
  286:  272,
  03ac 52           [1]     INCB  
  03ad 6cf201c4     [3]     STD   452,SP
  287:  273,
  03b1 52           [1]     INCB  
  03b2 6cf201c6     [3]     STD   454,SP
  288:  273,
  03b6 6cf201c8     [3]     STD   456,SP
  289:  274,
  03ba 52           [1]     INCB  
  03bb 6cf201ca     [3]     STD   458,SP
  290:  275,
  03bf 52           [1]     INCB  
  03c0 6cf201cc     [3]     STD   460,SP
  291:  276,
  03c4 52           [1]     INCB  
  03c5 6cf201ce     [3]     STD   462,SP
  292:  276,
  03c9 6cf201d0     [3]     STD   464,SP
  293:  277,
  03cd 52           [1]     INCB  
  03ce 6cf201d2     [3]     STD   466,SP
  294:  278,
  03d2 52           [1]     INCB  
  03d3 6cf201d4     [3]     STD   468,SP
  295:  279,
  03d7 52           [1]     INCB  
  03d8 6cf201d6     [3]     STD   470,SP
  296:  279,
  03dc 6cf201d8     [3]     STD   472,SP
  297:  280,
  03e0 52           [1]     INCB  
  03e1 6cf201da     [3]     STD   474,SP
  298:  281,
  03e5 52           [1]     INCB  
  03e6 6cf201dc     [3]     STD   476,SP
  299:  282,
  03ea 52           [1]     INCB  
  03eb 6cf201de     [3]     STD   478,SP
  300:  282,
  03ef 6cf201e0     [3]     STD   480,SP
  301:  283,
  03f3 52           [1]     INCB  
  03f4 6cf201e2     [3]     STD   482,SP
  302:  284,
  03f8 52           [1]     INCB  
  03f9 6cf201e4     [3]     STD   484,SP
  303:  285,
  03fd 52           [1]     INCB  
  03fe 6cf201e6     [3]     STD   486,SP
  304:  285,
  0402 6cf201e8     [3]     STD   488,SP
  305:  286,
  0406 52           [1]     INCB  
  0407 6cf201ea     [3]     STD   490,SP
  306:  287,
  040b 52           [1]     INCB  
  040c 6cf201ec     [3]     STD   492,SP
  307:  288,
  0410 52           [1]     INCB  
  0411 6cf201ee     [3]     STD   494,SP
  308:  288,
  0415 6cf201f0     [3]     STD   496,SP
  309:  289,
  0419 52           [1]     INCB  
  041a 6cf201f2     [3]     STD   498,SP
  310:  290,
  041e 52           [1]     INCB  
  041f 6cf201f4     [3]     STD   500,SP
  311:  291,
  0423 52           [1]     INCB  
  0424 6cf201f6     [3]     STD   502,SP
  312:  291,
  0428 6cf201f8     [3]     STD   504,SP
  313:  292,
  042c 52           [1]     INCB  
  042d 6cf201fa     [3]     STD   506,SP
  314:  293,
  0431 52           [1]     INCB  
  0432 6cf201fc     [3]     STD   508,SP
  315:  293,
  0436 6cf201fe     [3]     STD   510,SP
  316:  294,
  043a 52           [1]     INCB  
  043b 6cf20200     [3]     STD   512,SP
  317:  295,
  043f 52           [1]     INCB  
  0440 6cf20202     [3]     STD   514,SP
  318:    };
  319:         
  320:    position = cmData[data];
  0444 ec80         [3]     LDD   0,SP
  0446 59           [1]     LSLD  
  0447 1a82         [2]     LEAX  2,SP
  0449 1ae6         [2]     LEAX  D,X
  044b ec00         [3]     LDD   0,X
  321:    return position;
  322:  }
  044d 1bf20204     [2]     LEAS  516,SP
  0451 3d           [5]     RTS   
  323:  
  324:  void main3(void){
*** EVALUATION ***

Function: main3
Source  : \\psf\Home\Desktop\EE319K\Lab8(ACD)\Sources\main.c
Options : -Cc -CPUHCS12 -D__NO_FLOAT__ -D_HCS12_SERIALMON -Env"GENPATH=\\psf\Home\Desktop\EE319K\Lab8(ACD);\\psf\Home\Desktop\EE319K\Lab8(ACD)\bin;\\psf\Home\Desktop\EE319K\Lab8(ACD)\prm;\\psf\Home\Desktop\EE319K\Lab8(ACD)\cmd;\\psf\Home\Desktop\EE319K\Lab8(ACD)\Sources;C:\Program Files\Freescale\CWS12v5.1\lib\HC12c\lib;C:\Program Files\Freescale\CWS12v5.1\lib\HC12c\src;C:\Program Files\Freescale\CWS12v5.1\lib\HC12c\include" -Env"LIBPATH=C:\Program Files\Freescale\CWS12v5.1\lib\HC12c\include" -EnvOBJPATH=\\psf\Home\Desktop\EE319K\Lab8(ACD)\bin -EnvTEXTPATH=\\psf\Home\Desktop\EE319K\Lab8(ACD)\bin -Lasm=%n.lst -Ms -ObjN=\\psf\Home\Desktop\EE319K\Lab8(ACD)\Lab8_Data\Standard\ObjectCode\main.c.o -WmsgSd1106

  325:    PLL_Init();  // E clock is 24 MHz in both RUN and LOAD modes
  0000 160000       [4]     JSR   PLL_Init
  326:    ADC_Init();  // turn on ADC
  0003 160000       [4]     JSR   ADC_Init
  327:    LCD_Open();
  0006 160000       [4]     JSR   LCD_Open
  328:    LCD_Clear();
  0009 160000       [4]     JSR   LCD_Clear
  329:  asm cli        // enable debugger
  000c 10ef         [1]     CLI   
  330:    for(;;){
  331:      LCD_GoTo(0);       // move to home
  000e c7           [1]     CLRB  
  000f 87           [1]     CLRA  
  0010 160000       [4]     JSR   LCD_GoTo
  332:      Data = ADC_In(2);  // sample 8-bit channel 2
  0013 c602         [1]     LDAB  #2
  0015 87           [1]     CLRA  
  0016 160000       [4]     JSR   ADC_In
  0019 7c0000       [3]     STD   Data
  333:      Position = Convert(Data);  // you write this function
  001c 160000       [4]     JSR   Convert
  001f 7c0000       [3]     STD   Position
  334:      LCD_OutFix(Position);
  0022 160000       [4]     JSR   LCD_OutFix
  0025 20e7         [3]     BRA   *-23 ;abs = 000e
  335:      //Timer_Wait10ms(10); // 100ms wait
  336:    }
  337:  }  
  338:  void main(void){
*** EVALUATION ***

Function: main
Source  : \\psf\Home\Desktop\EE319K\Lab8(ACD)\Sources\main.c
Options : -Cc -CPUHCS12 -D__NO_FLOAT__ -D_HCS12_SERIALMON -Env"GENPATH=\\psf\Home\Desktop\EE319K\Lab8(ACD);\\psf\Home\Desktop\EE319K\Lab8(ACD)\bin;\\psf\Home\Desktop\EE319K\Lab8(ACD)\prm;\\psf\Home\Desktop\EE319K\Lab8(ACD)\cmd;\\psf\Home\Desktop\EE319K\Lab8(ACD)\Sources;C:\Program Files\Freescale\CWS12v5.1\lib\HC12c\lib;C:\Program Files\Freescale\CWS12v5.1\lib\HC12c\src;C:\Program Files\Freescale\CWS12v5.1\lib\HC12c\include" -Env"LIBPATH=C:\Program Files\Freescale\CWS12v5.1\lib\HC12c\include" -EnvOBJPATH=\\psf\Home\Desktop\EE319K\Lab8(ACD)\bin -EnvTEXTPATH=\\psf\Home\Desktop\EE319K\Lab8(ACD)\bin -Lasm=%n.lst -Ms -ObjN=\\psf\Home\Desktop\EE319K\Lab8(ACD)\Lab8_Data\Standard\ObjectCode\main.c.o -WmsgSd1106

  0000 1b90         [2]     LEAS  -16,SP
  339:    unsigned char *txtPnt;
  340:    unsigned char EE319K[9] = {
  341:      'E','E','3','1','9','K',' ',' ',0
  0002 cc3345       [2]     LDD   #13125
  0005 6b80         [2]     STAB  0,SP
  0007 6b81         [2]     STAB  1,SP
  0009 6a82         [2]     STAA  2,SP
  000b c631         [1]     LDAB  #49
  000d 6b83         [2]     STAB  3,SP
  000f c639         [1]     LDAB  #57
  0011 6b84         [2]     STAB  4,SP
  0013 c64b         [1]     LDAB  #75
  0015 6b85         [2]     STAB  5,SP
  0017 c620         [1]     LDAB  #32
  0019 6b86         [2]     STAB  6,SP
  001b 6b87         [2]     STAB  7,SP
  001d 6988         [2]     CLR   8,SP
  342:    };
  343:    unsigned char CM[5] = {
  344:      ' ',' ','c','m',0,
  001f 6b89         [2]     STAB  9,SP
  0021 6b8a         [2]     STAB  10,SP
  0023 c663         [1]     LDAB  #99
  0025 6b8b         [2]     STAB  11,SP
  0027 c66d         [1]     LDAB  #109
  0029 6b8c         [2]     STAB  12,SP
  002b 698d         [2]     CLR   13,SP
  345:    };
  346:    txtPnt = EE319K;
  002d 1a80         [2]     LEAX  0,SP
  002f 6e8e         [2]     STX   14,SP
  347:    
  348:    DDRP |= 0x80;  // PP7 heartbeat
  0031 1c000080     [4]     BSET  _DDRP,#128
  349:    PLL_Init();  // E clock is 24 MHz in both RUN and LOAD modes
  0035 160000       [4]     JSR   PLL_Init
  350:    LCD_Open();  // Initialize LCD
  0038 160000       [4]     JSR   LCD_Open
  351:    ADC_Init();
  003b 160000       [4]     JSR   ADC_Init
  352:    LCD_Clear();
  003e 160000       [4]     JSR   LCD_Clear
  353:  
  354:    LCD_OutString(txtPnt);
  0041 ec8e         [3]     LDD   14,SP
  0043 160000       [4]     JSR   LCD_OutString
  355:    //Timer_Wait10ms(100);
  356:    OC0_Init();
  0046 160000       [4]     JSR   OC0_Init
  357:    txtPnt = CM;
  0049 1a89         [2]     LEAX  9,SP
  004b 6e8e         [2]     STX   14,SP
  358:  asm cli        // enable debugger
  004d 10ef         [1]     CLI   
  359:    for(;;){
  360:      while(ADCStatus == 0) { }
  004f f60000       [3]     LDAB  ADCStatus
  0052 27fb         [3/1]   BEQ   *-3 ;abs = 004f
  361:      LCD_Clear();
  0054 160000       [4]     JSR   LCD_Clear
  362:      Position = Convert(ADCMail);
  0057 f60000       [3]     LDAB  ADCMail
  005a 87           [1]     CLRA  
  005b 160000       [4]     JSR   Convert
  005e 7c0000       [3]     STD   Position
  363:      ADCStatus = 0;
  0061 790000       [3]     CLR   ADCStatus
  364:      LCD_OutFix(Position);
  0064 160000       [4]     JSR   LCD_OutFix
  365:      LCD_OutString(txtPnt);
  0067 ec8e         [3]     LDD   14,SP
  0069 160000       [4]     JSR   LCD_OutString
  006c 20e1         [3]     BRA   *-29 ;abs = 004f
  366:    }
  367:  }       
  368:  
