*** EVALUATION ***
ANSI-C/cC++ Compiler for HC12 V-5.0.41 Build 10203, Jul 23 2010

    1:  /* Based on CPU DB MC9S12DG128_112, version 2.87.347 (RegistersPrg V2.28) */
    2:  /* DataSheet : 9S12DT128BDGV1/D V01.05 */
    3:  
    4:  #include <mc9s12dg128.h>
    5:  
    6:  /*lint -save -esym(765, *) */
    7:  
    8:  
    9:  /* * * * *  8-BIT REGISTERS  * * * * * * * * * * * * * * * */
   10:  volatile PORTESTR _PORTE;                                  /* Port E Register; 0x00000008 */
   11:  volatile DDRESTR _DDRE;                                    /* Port E Data Direction Register; 0x00000009 */
   12:  volatile PEARSTR _PEAR;                                    /* Port E Assignment Register; 0x0000000A */
   13:  volatile MODESTR _MODE;                                    /* Mode Register; 0x0000000B */
   14:  volatile PUCRSTR _PUCR;                                    /* Pull-Up Control Register; 0x0000000C */
   15:  volatile RDRIVSTR _RDRIV;                                  /* Reduced Drive of I/O Lines; 0x0000000D */
   16:  volatile EBICTLSTR _EBICTL;                                /* External Bus Interface Control; 0x0000000E */
   17:  volatile INITRMSTR _INITRM;                                /* Initialization of Internal RAM Position Register; 0x00000010 */
   18:  volatile INITRGSTR _INITRG;                                /* Initialization of Internal Registers Position Register; 0x00000011 */
   19:  volatile INITEESTR _INITEE;                                /* Initialization of Internal EEPROM Position Register; 0x00000012 */
   20:  volatile MISCSTR _MISC;                                    /* Miscellaneous System Control Register; 0x00000013 */
   21:  volatile ITCRSTR _ITCR;                                    /* Interrupt Test Control Register; 0x00000015 */
   22:  volatile ITESTSTR _ITEST;                                  /* Interrupt Test Register; 0x00000016 */
   23:  volatile MEMSIZ0STR _MEMSIZ0;                              /* Memory Size Register Zero; 0x0000001C */
   24:  volatile MEMSIZ1STR _MEMSIZ1;                              /* Memory Size Register One; 0x0000001D */
   25:  volatile INTCRSTR _INTCR;                                  /* Interrupt Control Register; 0x0000001E */
   26:  volatile HPRIOSTR _HPRIO;                                  /* Highest Priority I Interrupt; 0x0000001F */
   27:  volatile BKPCT0STR _BKPCT0;                                /* Breakpoint Control Register 0; 0x00000028 */
   28:  volatile BKPCT1STR _BKPCT1;                                /* Breakpoint Control Register 1; 0x00000029 */
   29:  volatile BKP0XSTR _BKP0X;                                  /* First Address Memory Expansion Breakpoint Register; 0x0000002A */
   30:  volatile BKP0HSTR _BKP0H;                                  /* First Address High Byte Breakpoint Register; 0x0000002B */
   31:  volatile BKP0LSTR _BKP0L;                                  /* First Address Low Byte Breakpoint Register; 0x0000002C */
   32:  volatile BKP1XSTR _BKP1X;                                  /* Second Address Memory Expansion Breakpoint Register; 0x0000002D */
   33:  volatile BKP1HSTR _BKP1H;                                  /* Data (Second Address) High Byte Breakpoint Register; 0x0000002E */
   34:  volatile BKP1LSTR _BKP1L;                                  /* Data (Second Address) Low Byte Breakpoint Register; 0x0000002F */
   35:  volatile PPAGESTR _PPAGE;                                  /* Page Index Register; 0x00000030 */
   36:  volatile PORTKSTR _PORTK;                                  /* Port K Data Register; 0x00000032 */
   37:  volatile DDRKSTR _DDRK;                                    /* Port K Data Direction Register; 0x00000033 */
   38:  volatile SYNRSTR _SYNR;                                    /* CRG Synthesizer Register; 0x00000034 */
   39:  volatile REFDVSTR _REFDV;                                  /* CRG Reference Divider Register; 0x00000035 */
   40:  volatile CRGFLGSTR _CRGFLG;                                /* CRG Flags Register; 0x00000037 */
   41:  volatile CRGINTSTR _CRGINT;                                /* CRG Interrupt Enable Register; 0x00000038 */
   42:  volatile CLKSELSTR _CLKSEL;                                /* CRG Clock Select Register; 0x00000039 */
   43:  volatile PLLCTLSTR _PLLCTL;                                /* CRG PLL Control Register; 0x0000003A */
   44:  volatile RTICTLSTR _RTICTL;                                /* CRG RTI Control Register; 0x0000003B */
   45:  volatile COPCTLSTR _COPCTL;                                /* CRG COP Control Register; 0x0000003C */
   46:  volatile ARMCOPSTR _ARMCOP;                                /* CRG COP Timer Arm/Reset Register; 0x0000003F */
   47:  volatile TIOSSTR _TIOS;                                    /* Timer Input Capture/Output Compare Select; 0x00000040 */
   48:  volatile CFORCSTR _CFORC;                                  /* Timer Compare Force Register; 0x00000041 */
   49:  volatile OC7MSTR _OC7M;                                    /* Output Compare 7 Mask Register; 0x00000042 */
   50:  volatile OC7DSTR _OC7D;                                    /* Output Compare 7 Data Register; 0x00000043 */
   51:  volatile TSCR1STR _TSCR1;                                  /* Timer System Control Register1; 0x00000046 */
   52:  volatile TTOVSTR _TTOV;                                    /* Timer Toggle On Overflow Register; 0x00000047 */
   53:  volatile TCTL1STR _TCTL1;                                  /* Timer Control Register 1; 0x00000048 */
   54:  volatile TCTL2STR _TCTL2;                                  /* Timer Control Register 2; 0x00000049 */
   55:  volatile TCTL3STR _TCTL3;                                  /* Timer Control Register 3; 0x0000004A */
   56:  volatile TCTL4STR _TCTL4;                                  /* Timer Control Register 4; 0x0000004B */
   57:  volatile TIESTR _TIE;                                      /* Timer Interrupt Enable Register; 0x0000004C */
   58:  volatile TSCR2STR _TSCR2;                                  /* Timer System Control Register 2; 0x0000004D */
   59:  volatile TFLG1STR _TFLG1;                                  /* Main Timer Interrupt Flag 1; 0x0000004E */
   60:  volatile TFLG2STR _TFLG2;                                  /* Main Timer Interrupt Flag 2; 0x0000004F */
   61:  volatile PACTLSTR _PACTL;                                  /* 16-Bit Pulse Accumulator A Control Register; 0x00000060 */
   62:  volatile PAFLGSTR _PAFLG;                                  /* Pulse Accumulator A Flag Register; 0x00000061 */
   63:  volatile MCCTLSTR _MCCTL;                                  /* Modulus Down Counter underflow; 0x00000066 */
   64:  volatile MCFLGSTR _MCFLG;                                  /* 16-Bit Modulus Down Counter Flag Register; 0x00000067 */
   65:  volatile ICPARSTR _ICPAR;                                  /* Input Control Pulse Accumulator Register; 0x00000068 */
   66:  volatile DLYCTSTR _DLYCT;                                  /* Delay Counter Control Register; 0x00000069 */
   67:  volatile ICOVWSTR _ICOVW;                                  /* Input Control Overwrite Register; 0x0000006A */
   68:  volatile ICSYSSTR _ICSYS;                                  /* Input Control System Control Register; 0x0000006B */
   69:  volatile PBCTLSTR _PBCTL;                                  /* 16-Bit Pulse Accumulator B Control Register; 0x00000070 */
   70:  volatile PBFLGSTR _PBFLG;                                  /* Pulse Accumulator B Flag Register; 0x00000071 */
   71:  volatile ATD0STAT0STR _ATD0STAT0;                          /* ATD 0 Status Register 0; 0x00000086 */
   72:  volatile ATD0TEST1STR _ATD0TEST1;                          /* ATD0 Test Register; 0x00000089 */
   73:  volatile ATD0STAT1STR _ATD0STAT1;                          /* ATD 0 Status Register 1; 0x0000008B */
   74:  volatile ATD0DIENSTR _ATD0DIEN;                            /* ATD 0 Input Enable Register; 0x0000008D */
   75:  volatile PORTAD0STR _PORTAD0;                              /* Port AD0 Register; 0x0000008F */
   76:  volatile PWMESTR _PWME;                                    /* PWM Enable Register; 0x000000A0 */
   77:  volatile PWMPOLSTR _PWMPOL;                                /* PWM Polarity Register; 0x000000A1 */
   78:  volatile PWMCLKSTR _PWMCLK;                                /* PWM Clock Select Register; 0x000000A2 */
   79:  volatile PWMPRCLKSTR _PWMPRCLK;                            /* PWM Prescale Clock Select Register; 0x000000A3 */
   80:  volatile PWMCAESTR _PWMCAE;                                /* PWM Center Align Enable Register; 0x000000A4 */
   81:  volatile PWMCTLSTR _PWMCTL;                                /* PWM Control Register; 0x000000A5 */
   82:  volatile PWMSCLASTR _PWMSCLA;                              /* PWM Scale A Register; 0x000000A8 */
   83:  volatile PWMSCLBSTR _PWMSCLB;                              /* PWM Scale B Register; 0x000000A9 */
   84:  volatile PWMSDNSTR _PWMSDN;                                /* PWM Shutdown Register; 0x000000C4 */
   85:  volatile SCI0CR1STR _SCI0CR1;                              /* SCI 0 Control Register 1; 0x000000CA */
   86:  volatile SCI0CR2STR _SCI0CR2;                              /* SCI 0 Control Register 2; 0x000000CB */
   87:  volatile SCI0SR1STR _SCI0SR1;                              /* SCI 0 Status Register 1; 0x000000CC */
   88:  volatile SCI0SR2STR _SCI0SR2;                              /* SCI 0 Status Register 2; 0x000000CD */
   89:  volatile SCI0DRHSTR _SCI0DRH;                              /* SCI 0 Data Register High; 0x000000CE */
   90:  volatile SCI0DRLSTR _SCI0DRL;                              /* SCI 0 Data Register Low; 0x000000CF */
   91:  volatile SCI1CR1STR _SCI1CR1;                              /* SCI 1 Control Register 1; 0x000000D2 */
   92:  volatile SCI1CR2STR _SCI1CR2;                              /* SCI 1 Control Register 2; 0x000000D3 */
   93:  volatile SCI1SR1STR _SCI1SR1;                              /* SCI 1 Status Register 1; 0x000000D4 */
   94:  volatile SCI1SR2STR _SCI1SR2;                              /* SCI 1 Status Register 2; 0x000000D5 */
   95:  volatile SCI1DRHSTR _SCI1DRH;                              /* SCI 1 Data Register High; 0x000000D6 */
   96:  volatile SCI1DRLSTR _SCI1DRL;                              /* SCI 1 Data Register Low; 0x000000D7 */
   97:  volatile SPI0CR1STR _SPI0CR1;                              /* SPI 0 Control Register; 0x000000D8 */
   98:  volatile SPI0CR2STR _SPI0CR2;                              /* SPI 0 Control Register 2; 0x000000D9 */
   99:  volatile SPI0BRSTR _SPI0BR;                                /* SPI 0 Baud Rate Register; 0x000000DA */
  100:  volatile SPI0SRSTR _SPI0SR;                                /* SPI 0 Status Register; 0x000000DB */
  101:  volatile SPI0DRSTR _SPI0DR;                                /* SPI 0 Data Register; 0x000000DD */
  102:  volatile IBADSTR _IBAD;                                    /* IIC Address Register; 0x000000E0 */
  103:  volatile IBFDSTR _IBFD;                                    /* IIC Frequency Divider Register; 0x000000E1 */
  104:  volatile IBCRSTR _IBCR;                                    /* IIC Control Register; 0x000000E2 */
  105:  volatile IBSRSTR _IBSR;                                    /* IIC Status Register; 0x000000E3 */
  106:  volatile IBDRSTR _IBDR;                                    /* IIC Data I/O Register; 0x000000E4 */
  107:  volatile SPI1CR1STR _SPI1CR1;                              /* SPI 1 Control Register; 0x000000F0 */
  108:  volatile SPI1CR2STR _SPI1CR2;                              /* SPI 1 Control Register 2; 0x000000F1 */
  109:  volatile SPI1BRSTR _SPI1BR;                                /* SPI 1 Baud Rate Register; 0x000000F2 */
  110:  volatile SPI1SRSTR _SPI1SR;                                /* SPI 1 Status Register; 0x000000F3 */
  111:  volatile SPI1DRSTR _SPI1DR;                                /* SPI 1 Data Register; 0x000000F5 */
  112:  volatile FCLKDIVSTR _FCLKDIV;                              /* Flash Clock Divider Register; 0x00000100 */
  113:  volatile FSECSTR _FSEC;                                    /* Flash Security Register; 0x00000101 */
  114:  volatile FCNFGSTR _FCNFG;                                  /* Flash Configuration Register; 0x00000103 */
  115:  volatile FPROTSTR _FPROT;                                  /* Flash Protection Register; 0x00000104 */
  116:  volatile FSTATSTR _FSTAT;                                  /* Flash Status Register; 0x00000105 */
  117:  volatile FCMDSTR _FCMD;                                    /* Flash Command Buffer and Register; 0x00000106 */
  118:  volatile ECLKDIVSTR _ECLKDIV;                              /* EEPROM Clock Divider Register; 0x00000110 */
  119:  volatile ECNFGSTR _ECNFG;                                  /* EEPROM Configuration Register; 0x00000113 */
  120:  volatile EPROTSTR _EPROT;                                  /* EEPROM Protection Register; 0x00000114 */
  121:  volatile ESTATSTR _ESTAT;                                  /* EEPROM Status Register; 0x00000115 */
  122:  volatile ECMDSTR _ECMD;                                    /* EEPROM Command Buffer and Register; 0x00000116 */
  123:  volatile ATD1STAT0STR _ATD1STAT0;                          /* ATD 1 Status Register 0; 0x00000126 */
  124:  volatile ATD1TEST1STR _ATD1TEST1;                          /* ATD1 Test Register; 0x00000129 */
  125:  volatile ATD1STAT1STR _ATD1STAT1;                          /* ATD 1 Status Register 1; 0x0000012B */
  126:  volatile ATD1DIENSTR _ATD1DIEN;                            /* ATD 1 Input Enable Register; 0x0000012D */
  127:  volatile PORTAD1STR _PORTAD1;                              /* Port AD1 Register; 0x0000012F */
  128:  volatile CAN0CTL0STR _CAN0CTL0;                            /* MSCAN 0 Control 0 Register; 0x00000140 */
  129:  volatile CAN0CTL1STR _CAN0CTL1;                            /* MSCAN 0 Control 1 Register; 0x00000141 */
  130:  volatile CAN0BTR0STR _CAN0BTR0;                            /* MSCAN 0 Bus Timing Register 0; 0x00000142 */
  131:  volatile CAN0BTR1STR _CAN0BTR1;                            /* MSCAN 0 Bus Timing Register 1; 0x00000143 */
  132:  volatile CAN0RFLGSTR _CAN0RFLG;                            /* MSCAN 0 Receiver Flag Register; 0x00000144 */
  133:  volatile CAN0RIERSTR _CAN0RIER;                            /* MSCAN 0 Receiver Interrupt Enable Register; 0x00000145 */
  134:  volatile CAN0TFLGSTR _CAN0TFLG;                            /* MSCAN 0 Transmitter Flag Register; 0x00000146 */
  135:  volatile CAN0TIERSTR _CAN0TIER;                            /* MSCAN 0 Transmitter Interrupt Enable Register; 0x00000147 */
  136:  volatile CAN0TARQSTR _CAN0TARQ;                            /* MSCAN 0 Transmitter Message Abort Request; 0x00000148 */
  137:  volatile CAN0TAAKSTR _CAN0TAAK;                            /* MSCAN 0 Transmitter Message Abort Control; 0x00000149 */
  138:  volatile CAN0TBSELSTR _CAN0TBSEL;                          /* MSCAN 0 Transmit Buffer Selection; 0x0000014A */
  139:  volatile CAN0IDACSTR _CAN0IDAC;                            /* MSCAN 0 Identifier Acceptance Control Register; 0x0000014B */
  140:  volatile CAN0RXERRSTR _CAN0RXERR;                          /* MSCAN 0 Receive Error Counter Register; 0x0000014E */
  141:  volatile CAN0TXERRSTR _CAN0TXERR;                          /* MSCAN 0 Transmit Error Counter Register; 0x0000014F */
  142:  volatile CAN0IDAR0STR _CAN0IDAR0;                          /* MSCAN 0 Identifier Acceptance Register 0; 0x00000150 */
  143:  volatile CAN0IDAR1STR _CAN0IDAR1;                          /* MSCAN 0 Identifier Acceptance Register 1; 0x00000151 */
  144:  volatile CAN0IDAR2STR _CAN0IDAR2;                          /* MSCAN 0 Identifier Acceptance Register 2; 0x00000152 */
  145:  volatile CAN0IDAR3STR _CAN0IDAR3;                          /* MSCAN 0 Identifier Acceptance Register 3; 0x00000153 */
  146:  volatile CAN0IDMR0STR _CAN0IDMR0;                          /* MSCAN 0 Identifier Mask Register 0; 0x00000154 */
  147:  volatile CAN0IDMR1STR _CAN0IDMR1;                          /* MSCAN 0 Identifier Mask Register 1; 0x00000155 */
  148:  volatile CAN0IDMR2STR _CAN0IDMR2;                          /* MSCAN 0 Identifier Mask Register 2; 0x00000156 */
  149:  volatile CAN0IDMR3STR _CAN0IDMR3;                          /* MSCAN 0 Identifier Mask Register 3; 0x00000157 */
  150:  volatile CAN0IDAR4STR _CAN0IDAR4;                          /* MSCAN 0 Identifier Acceptance Register 4; 0x00000158 */
  151:  volatile CAN0IDAR5STR _CAN0IDAR5;                          /* MSCAN 0 Identifier Acceptance Register 5; 0x00000159 */
  152:  volatile CAN0IDAR6STR _CAN0IDAR6;                          /* MSCAN 0 Identifier Acceptance Register 6; 0x0000015A */
  153:  volatile CAN0IDAR7STR _CAN0IDAR7;                          /* MSCAN 0 Identifier Acceptance Register 7; 0x0000015B */
  154:  volatile CAN0IDMR4STR _CAN0IDMR4;                          /* MSCAN 0 Identifier Mask Register 4; 0x0000015C */
  155:  volatile CAN0IDMR5STR _CAN0IDMR5;                          /* MSCAN 0 Identifier Mask Register 5; 0x0000015D */
  156:  volatile CAN0IDMR6STR _CAN0IDMR6;                          /* MSCAN 0 Identifier Mask Register 6; 0x0000015E */
  157:  volatile CAN0IDMR7STR _CAN0IDMR7;                          /* MSCAN 0 Identifier Mask Register 7; 0x0000015F */
  158:  volatile CAN0RXIDR0STR _CAN0RXIDR0;                        /* MSCAN 0 Receive Identifier Register 0; 0x00000160 */
  159:  volatile CAN0RXIDR1STR _CAN0RXIDR1;                        /* MSCAN 0 Receive Identifier Register 1; 0x00000161 */
  160:  volatile CAN0RXIDR2STR _CAN0RXIDR2;                        /* MSCAN 0 Receive Identifier Register 2; 0x00000162 */
  161:  volatile CAN0RXIDR3STR _CAN0RXIDR3;                        /* MSCAN 0 Receive Identifier Register 3; 0x00000163 */
  162:  volatile CAN0RXDSR0STR _CAN0RXDSR0;                        /* MSCAN 0 Receive Data Segment Register 0; 0x00000164 */
  163:  volatile CAN0RXDSR1STR _CAN0RXDSR1;                        /* MSCAN 0 Receive Data Segment Register 1; 0x00000165 */
  164:  volatile CAN0RXDSR2STR _CAN0RXDSR2;                        /* MSCAN 0 Receive Data Segment Register 2; 0x00000166 */
  165:  volatile CAN0RXDSR3STR _CAN0RXDSR3;                        /* MSCAN 0 Receive Data Segment Register 3; 0x00000167 */
  166:  volatile CAN0RXDSR4STR _CAN0RXDSR4;                        /* MSCAN 0 Receive Data Segment Register 4; 0x00000168 */
  167:  volatile CAN0RXDSR5STR _CAN0RXDSR5;                        /* MSCAN 0 Receive Data Segment Register 5; 0x00000169 */
  168:  volatile CAN0RXDSR6STR _CAN0RXDSR6;                        /* MSCAN 0 Receive Data Segment Register 6; 0x0000016A */
  169:  volatile CAN0RXDSR7STR _CAN0RXDSR7;                        /* MSCAN 0 Receive Data Segment Register 7; 0x0000016B */
  170:  volatile CAN0RXDLRSTR _CAN0RXDLR;                          /* MSCAN 0 Receive Data Length Register; 0x0000016C */
  171:  volatile CAN0TXIDR0STR _CAN0TXIDR0;                        /* MSCAN 0 Transmit Identifier Register 0; 0x00000170 */
  172:  volatile CAN0TXIDR1STR _CAN0TXIDR1;                        /* MSCAN 0 Transmit Identifier Register 1; 0x00000171 */
  173:  volatile CAN0TXIDR2STR _CAN0TXIDR2;                        /* MSCAN 0 Transmit Identifier Register 2; 0x00000172 */
  174:  volatile CAN0TXIDR3STR _CAN0TXIDR3;                        /* MSCAN 0 Transmit Identifier Register 3; 0x00000173 */
  175:  volatile CAN0TXDSR0STR _CAN0TXDSR0;                        /* MSCAN 0 Transmit Data Segment Register 0; 0x00000174 */
  176:  volatile CAN0TXDSR1STR _CAN0TXDSR1;                        /* MSCAN 0 Transmit Data Segment Register 1; 0x00000175 */
  177:  volatile CAN0TXDSR2STR _CAN0TXDSR2;                        /* MSCAN 0 Transmit Data Segment Register 2; 0x00000176 */
  178:  volatile CAN0TXDSR3STR _CAN0TXDSR3;                        /* MSCAN 0 Transmit Data Segment Register 3; 0x00000177 */
  179:  volatile CAN0TXDSR4STR _CAN0TXDSR4;                        /* MSCAN 0 Transmit Data Segment Register 4; 0x00000178 */
  180:  volatile CAN0TXDSR5STR _CAN0TXDSR5;                        /* MSCAN 0 Transmit Data Segment Register 5; 0x00000179 */
  181:  volatile CAN0TXDSR6STR _CAN0TXDSR6;                        /* MSCAN 0 Transmit Data Segment Register 6; 0x0000017A */
  182:  volatile CAN0TXDSR7STR _CAN0TXDSR7;                        /* MSCAN 0 Transmit Data Segment Register 7; 0x0000017B */
  183:  volatile CAN0TXDLRSTR _CAN0TXDLR;                          /* MSCAN 0 Transmit Data Length Register; 0x0000017C */
  184:  volatile CAN0TXTBPRSTR _CAN0TXTBPR;                        /* MSCAN 0 Transmit Buffer Priority; 0x0000017D */
  185:  volatile PTTSTR _PTT;                                      /* Port T I/O Register; 0x00000240 */
  186:  volatile PTITSTR _PTIT;                                    /* Port T Input Register; 0x00000241 */
  187:  volatile DDRTSTR _DDRT;                                    /* Port T Data Direction Register; 0x00000242 */
  188:  volatile RDRTSTR _RDRT;                                    /* Port T Reduced Drive Register; 0x00000243 */
  189:  volatile PERTSTR _PERT;                                    /* Port T Pull Device Enable Register; 0x00000244 */
  190:  volatile PPSTSTR _PPST;                                    /* Port T Polarity Select Register; 0x00000245 */
  191:  volatile PTSSTR _PTS;                                      /* Port S I/O Register; 0x00000248 */
  192:  volatile PTISSTR _PTIS;                                    /* Port S Input Register; 0x00000249 */
  193:  volatile DDRSSTR _DDRS;                                    /* Port S Data Direction Register; 0x0000024A */
  194:  volatile RDRSSTR _RDRS;                                    /* Port S Reduced Drive Register; 0x0000024B */
  195:  volatile PERSSTR _PERS;                                    /* Port S Pull Device Enable Register; 0x0000024C */
  196:  volatile PPSSSTR _PPSS;                                    /* Port S Polarity Select Register; 0x0000024D */
  197:  volatile WOMSSTR _WOMS;                                    /* Port S Wired-Or Mode Register; 0x0000024E */
  198:  volatile PTMSTR _PTM;                                      /* Port M I/O Register; 0x00000250 */
  199:  volatile PTIMSTR _PTIM;                                    /* Port M Input Register; 0x00000251 */
  200:  volatile DDRMSTR _DDRM;                                    /* Port M Data Direction Register; 0x00000252 */
  201:  volatile RDRMSTR _RDRM;                                    /* Port M Reduced Drive Register; 0x00000253 */
  202:  volatile PERMSTR _PERM;                                    /* Port M Pull Device Enable Register; 0x00000254 */
  203:  volatile PPSMSTR _PPSM;                                    /* Port M Polarity Select Register; 0x00000255 */
  204:  volatile WOMMSTR _WOMM;                                    /* Port M Wired-Or Mode Register; 0x00000256 */
  205:  volatile MODRRSTR _MODRR;                                  /* Module Routing Register; 0x00000257 */
  206:  volatile PTPSTR _PTP;                                      /* Port P I/O Register; 0x00000258 */
  207:  volatile PTIPSTR _PTIP;                                    /* Port P Input Register; 0x00000259 */
  208:  volatile DDRPSTR _DDRP;                                    /* Port P Data Direction Register; 0x0000025A */
  209:  volatile RDRPSTR _RDRP;                                    /* Port P Reduced Drive Register; 0x0000025B */
  210:  volatile PERPSTR _PERP;                                    /* Port P Pull Device Enable Register; 0x0000025C */
  211:  volatile PPSPSTR _PPSP;                                    /* Port P Polarity Select Register; 0x0000025D */
  212:  volatile PIEPSTR _PIEP;                                    /* Port P Interrupt Enable Register; 0x0000025E */
  213:  volatile PIFPSTR _PIFP;                                    /* Port P Interrupt Flag Register; 0x0000025F */
  214:  volatile PTHSTR _PTH;                                      /* Port H I/O Register; 0x00000260 */
  215:  volatile PTIHSTR _PTIH;                                    /* Port H Input Register; 0x00000261 */
  216:  volatile DDRHSTR _DDRH;                                    /* Port H Data Direction Register; 0x00000262 */
  217:  volatile RDRHSTR _RDRH;                                    /* Port H Reduced Drive Register; 0x00000263 */
  218:  volatile PERHSTR _PERH;                                    /* Port H Pull Device Enable Register; 0x00000264 */
  219:  volatile PPSHSTR _PPSH;                                    /* Port H Polarity Select Register; 0x00000265 */
  220:  volatile PIEHSTR _PIEH;                                    /* Port H Interrupt Enable Register; 0x00000266 */
  221:  volatile PIFHSTR _PIFH;                                    /* Port H Interrupt Flag Register; 0x00000267 */
  222:  volatile PTJSTR _PTJ;                                      /* Port J I/O Register; 0x00000268 */
  223:  volatile PTIJSTR _PTIJ;                                    /* Port J Input Register; 0x00000269 */
  224:  volatile DDRJSTR _DDRJ;                                    /* Port J Data Direction Register; 0x0000026A */
  225:  volatile RDRJSTR _RDRJ;                                    /* Port J Reduced Drive Register; 0x0000026B */
  226:  volatile PERJSTR _PERJ;                                    /* Port J Pull Device Enable Register; 0x0000026C */
  227:  volatile PPSJSTR _PPSJ;                                    /* Port J Polarity Select Register; 0x0000026D */
  228:  volatile PIEJSTR _PIEJ;                                    /* Port J Interrupt Enable Register; 0x0000026E */
  229:  volatile PIFJSTR _PIFJ;                                    /* Port J Interrupt Flag Register; 0x0000026F */
  230:  volatile CAN4CTL0STR _CAN4CTL0;                            /* MSCAN4 Control 0 Register; 0x00000280 */
  231:  volatile CAN4CTL1STR _CAN4CTL1;                            /* MSCAN4 Control 1 Register; 0x00000281 */
  232:  volatile CAN4BTR0STR _CAN4BTR0;                            /* MSCAN4 Bus Timing Register 0; 0x00000282 */
  233:  volatile CAN4BTR1STR _CAN4BTR1;                            /* MSCAN4 Bus Timing Register 1; 0x00000283 */
  234:  volatile CAN4RFLGSTR _CAN4RFLG;                            /* MSCAN4 Receiver Flag Register; 0x00000284 */
  235:  volatile CAN4RIERSTR _CAN4RIER;                            /* MSCAN4 Receiver Interrupt Enable Register; 0x00000285 */
  236:  volatile CAN4TFLGSTR _CAN4TFLG;                            /* MSCAN4 Transmitter Flag Register; 0x00000286 */
  237:  volatile CAN4TIERSTR _CAN4TIER;                            /* MSCAN4 Transmitter Interrupt Enable Register; 0x00000287 */
  238:  volatile CAN4TARQSTR _CAN4TARQ;                            /* MSCAN 4 Transmitter Message Abort Request; 0x00000288 */
  239:  volatile CAN4TAAKSTR _CAN4TAAK;                            /* MSCAN4 Transmitter Message Abort Control; 0x00000289 */
  240:  volatile CAN4TBSELSTR _CAN4TBSEL;                          /* MSCAN4 Transmit Buffer Selection; 0x0000028A */
  241:  volatile CAN4IDACSTR _CAN4IDAC;                            /* MSCAN4 Identifier Acceptance Control Register; 0x0000028B */
  242:  volatile CAN4RXERRSTR _CAN4RXERR;                          /* MSCAN4 Receive Error Counter Register; 0x0000028E */
  243:  volatile CAN4TXERRSTR _CAN4TXERR;                          /* MSCAN4 Transmit Error Counter Register; 0x0000028F */
  244:  volatile CAN4IDAR0STR _CAN4IDAR0;                          /* MSCAN4 Identifier Acceptance Register 0; 0x00000290 */
  245:  volatile CAN4IDAR1STR _CAN4IDAR1;                          /* MSCAN4 Identifier Acceptance Register 1; 0x00000291 */
  246:  volatile CAN4IDAR2STR _CAN4IDAR2;                          /* MSCAN4 Identifier Acceptance Register 2; 0x00000292 */
  247:  volatile CAN4IDAR3STR _CAN4IDAR3;                          /* MSCAN4 Identifier Acceptance Register 3; 0x00000293 */
  248:  volatile CAN4IDMR0STR _CAN4IDMR0;                          /* MSCAN4 Identifier Mask Register 0; 0x00000294 */
  249:  volatile CAN4IDMR1STR _CAN4IDMR1;                          /* MSCAN4 Identifier Mask Register 1; 0x00000295 */
  250:  volatile CAN4IDMR2STR _CAN4IDMR2;                          /* MSCAN4 Identifier Mask Register 2; 0x00000296 */
  251:  volatile CAN4IDMR3STR _CAN4IDMR3;                          /* MSCAN4 Identifier Mask Register 3; 0x00000297 */
  252:  volatile CAN4IDAR4STR _CAN4IDAR4;                          /* MSCAN4 Identifier Acceptance Register 4; 0x00000298 */
  253:  volatile CAN4IDAR5STR _CAN4IDAR5;                          /* MSCAN4 Identifier Acceptance Register 5; 0x00000299 */
  254:  volatile CAN4IDAR6STR _CAN4IDAR6;                          /* MSCAN4 Identifier Acceptance Register 6; 0x0000029A */
  255:  volatile CAN4IDAR7STR _CAN4IDAR7;                          /* MSCAN4 Identifier Acceptance Register 7; 0x0000029B */
  256:  volatile CAN4IDMR4STR _CAN4IDMR4;                          /* MSCAN4 Identifier Mask Register 4; 0x0000029C */
  257:  volatile CAN4IDMR5STR _CAN4IDMR5;                          /* MSCAN4 Identifier Mask Register 5; 0x0000029D */
  258:  volatile CAN4IDMR6STR _CAN4IDMR6;                          /* MSCAN4 Identifier Mask Register 6; 0x0000029E */
  259:  volatile CAN4IDMR7STR _CAN4IDMR7;                          /* MSCAN4 Identifier Mask Register 7; 0x0000029F */
  260:  volatile CAN4RXIDR0STR _CAN4RXIDR0;                        /* MSCAN4 Receive Identifier Register 0; 0x000002A0 */
  261:  volatile CAN4RXIDR1STR _CAN4RXIDR1;                        /* MSCAN4 Receive Identifier Register 1; 0x000002A1 */
  262:  volatile CAN4RXIDR2STR _CAN4RXIDR2;                        /* MSCAN4 Receive Identifier Register 2; 0x000002A2 */
  263:  volatile CAN4RXIDR3STR _CAN4RXIDR3;                        /* MSCAN4 Receive Identifier Register 3; 0x000002A3 */
  264:  volatile CAN4RXDSR0STR _CAN4RXDSR0;                        /* MSCAN4 Receive Data Segment Register 0; 0x000002A4 */
  265:  volatile CAN4RXDSR1STR _CAN4RXDSR1;                        /* MSCAN4 Receive Data Segment Register 1; 0x000002A5 */
  266:  volatile CAN4RXDSR2STR _CAN4RXDSR2;                        /* MSCAN4 Receive Data Segment Register 2; 0x000002A6 */
  267:  volatile CAN4RXDSR3STR _CAN4RXDSR3;                        /* MSCAN4 Receive Data Segment Register 3; 0x000002A7 */
  268:  volatile CAN4RXDSR4STR _CAN4RXDSR4;                        /* MSCAN4 Receive Data Segment Register 4; 0x000002A8 */
  269:  volatile CAN4RXDSR5STR _CAN4RXDSR5;                        /* MSCAN4 Receive Data Segment Register 5; 0x000002A9 */
  270:  volatile CAN4RXDSR6STR _CAN4RXDSR6;                        /* MSCAN4 Receive Data Segment Register 6; 0x000002AA */
  271:  volatile CAN4RXDSR7STR _CAN4RXDSR7;                        /* MSCAN4 Receive Data Segment Register 7; 0x000002AB */
  272:  volatile CAN4RXDLRSTR _CAN4RXDLR;                          /* MSCAN4 Receive Data Length Register; 0x000002AC */
  273:  volatile CAN4TXIDR0STR _CAN4TXIDR0;                        /* MSCAN4 Transmit Identifier Register 0; 0x000002B0 */
  274:  volatile CAN4TXIDR1STR _CAN4TXIDR1;                        /* MSCAN4 Transmit Identifier Register 1; 0x000002B1 */
  275:  volatile CAN4TXIDR2STR _CAN4TXIDR2;                        /* MSCAN4 Transmit Identifier Register 2; 0x000002B2 */
  276:  volatile CAN4TXIDR3STR _CAN4TXIDR3;                        /* MSCAN4 Transmit Identifier Register 3; 0x000002B3 */
  277:  volatile CAN4TXDSR0STR _CAN4TXDSR0;                        /* MSCAN4 Transmit Data Segment Register 0; 0x000002B4 */
  278:  volatile CAN4TXDSR1STR _CAN4TXDSR1;                        /* MSCAN4 Transmit Data Segment Register 1; 0x000002B5 */
  279:  volatile CAN4TXDSR2STR _CAN4TXDSR2;                        /* MSCAN4 Transmit Data Segment Register 2; 0x000002B6 */
  280:  volatile CAN4TXDSR3STR _CAN4TXDSR3;                        /* MSCAN4 Transmit Data Segment Register 3; 0x000002B7 */
  281:  volatile CAN4TXDSR4STR _CAN4TXDSR4;                        /* MSCAN4 Transmit Data Segment Register 4; 0x000002B8 */
  282:  volatile CAN4TXDSR5STR _CAN4TXDSR5;                        /* MSCAN4 Transmit Data Segment Register 5; 0x000002B9 */
  283:  volatile CAN4TXDSR6STR _CAN4TXDSR6;                        /* MSCAN4 Transmit Data Segment Register 6; 0x000002BA */
  284:  volatile CAN4TXDSR7STR _CAN4TXDSR7;                        /* MSCAN4 Transmit Data Segment Register 7; 0x000002BB */
  285:  volatile CAN4TXDLRSTR _CAN4TXDLR;                          /* MSCAN4 Transmit Data Length Register; 0x000002BC */
  286:  volatile CAN4TXTBPRSTR _CAN4TXTBPR;                        /* MSCAN4 Transmit Transmit Buffer Priority; 0x000002BD */
  287:  /* NVFPROT1 - macro for reading non volatile register      Non volatile Block 1 Flash Protection Register; 0x0000FF0C */
  288:  /* NVFPROT0 - macro for reading non volatile register      Non volatile Block 0 Flash Protection Register; 0x0000FF0D */
  289:  /* NVFSEC - macro for reading non volatile register        Non volatile Flash Security Register; 0x0000FF0F */
  290:  
  291:  
  292:  /* * * * *  16-BIT REGISTERS  * * * * * * * * * * * * * * * */
  293:  volatile PORTABSTR _PORTAB;                                /* Port AB Register; 0x00000000 */
  294:  volatile DDRABSTR _DDRAB;                                  /* Port AB Data Direction Register; 0x00000002 */
  295:  volatile PARTIDSTR _PARTID;                                /* Part ID Register; 0x0000001A */
  296:  volatile TCNTSTR _TCNT;                                    /* Timer Count Register; 0x00000044 */
  297:  volatile TC0STR _TC0;                                      /* Timer Input Capture/Output Compare Register 0; 0x00000050 */
  298:  volatile TC1STR _TC1;                                      /* Timer Input Capture/Output Compare Register 1; 0x00000052 */
  299:  volatile TC2STR _TC2;                                      /* Timer Input Capture/Output Compare Register 2; 0x00000054 */
  300:  volatile TC3STR _TC3;                                      /* Timer Input Capture/Output Compare Register 3; 0x00000056 */
  301:  volatile TC4STR _TC4;                                      /* Timer Input Capture/Output Compare Register 4; 0x00000058 */
  302:  volatile TC5STR _TC5;                                      /* Timer Input Capture/Output Compare Register 5; 0x0000005A */
  303:  volatile TC6STR _TC6;                                      /* Timer Input Capture/Output Compare Register 6; 0x0000005C */
  304:  volatile TC7STR _TC7;                                      /* Timer Input Capture/Output Compare Register 7; 0x0000005E */
  305:  volatile PACN32STR _PACN32;                                /* Pulse Accumulators Count 32 Register; 0x00000062 */
  306:  volatile PACN10STR _PACN10;                                /* Pulse Accumulators Count 10 Register; 0x00000064 */
  307:  volatile PA32HSTR _PA32H;                                  /* 8-Bit Pulse Accumulators Holding 32 Register; 0x00000072 */
  308:  volatile PA10HSTR _PA10H;                                  /* 8-Bit Pulse Accumulators Holding 10 Register; 0x00000074 */
  309:  volatile MCCNTSTR _MCCNT;                                  /* Modulus Down-Counter Count Register; 0x00000076 */
  310:  volatile TC0HSTR _TC0H;                                    /* Timer Input Capture Holding Registers 0; 0x00000078 */
  311:  volatile TC1HSTR _TC1H;                                    /* Timer Input Capture Holding Registers 1; 0x0000007A */
  312:  volatile TC2HSTR _TC2H;                                    /* Timer Input Capture Holding Registers 2; 0x0000007C */
  313:  volatile TC3HSTR _TC3H;                                    /* Timer Input Capture Holding Registers 3; 0x0000007E */
  314:  volatile ATD0CTL23STR _ATD0CTL23;                          /* ATD 0 Control Register 23; 0x00000082 */
  315:  volatile ATD0CTL45STR _ATD0CTL45;                          /* ATD 0 Control Register 45; 0x00000084 */
  316:  volatile ATD0DR0STR _ATD0DR0;                              /* ATD 0 Conversion Result Register 0; 0x00000090 */
  317:  volatile ATD0DR1STR _ATD0DR1;                              /* ATD 0 Conversion Result Register 1; 0x00000092 */
  318:  volatile ATD0DR2STR _ATD0DR2;                              /* ATD 0 Conversion Result Register 2; 0x00000094 */
  319:  volatile ATD0DR3STR _ATD0DR3;                              /* ATD 0 Conversion Result Register 3; 0x00000096 */
  320:  volatile ATD0DR4STR _ATD0DR4;                              /* ATD 0 Conversion Result Register 4; 0x00000098 */
  321:  volatile ATD0DR5STR _ATD0DR5;                              /* ATD 0 Conversion Result Register 5; 0x0000009A */
  322:  volatile ATD0DR6STR _ATD0DR6;                              /* ATD 0 Conversion Result Register 6; 0x0000009C */
  323:  volatile ATD0DR7STR _ATD0DR7;                              /* ATD 0 Conversion Result Register 7; 0x0000009E */
  324:  volatile PWMCNT01STR _PWMCNT01;                            /* PWM Channel Counter 01 Register; 0x000000AC */
  325:  volatile PWMCNT23STR _PWMCNT23;                            /* PWM Channel Counter 23 Register; 0x000000AE */
  326:  volatile PWMCNT45STR _PWMCNT45;                            /* PWM Channel Counter 45 Register; 0x000000B0 */
  327:  volatile PWMCNT67STR _PWMCNT67;                            /* PWM Channel Counter 67 Register; 0x000000B2 */
  328:  volatile PWMPER01STR _PWMPER01;                            /* PWM Channel Period 01 Register; 0x000000B4 */
  329:  volatile PWMPER23STR _PWMPER23;                            /* PWM Channel Period 23 Register; 0x000000B6 */
  330:  volatile PWMPER45STR _PWMPER45;                            /* PWM Channel Period 45 Register; 0x000000B8 */
  331:  volatile PWMPER67STR _PWMPER67;                            /* PWM Channel Period 67 Register; 0x000000BA */
  332:  volatile PWMDTY01STR _PWMDTY01;                            /* PWM Channel Duty 01 Register; 0x000000BC */
  333:  volatile PWMDTY23STR _PWMDTY23;                            /* PWM Channel Duty 23 Register; 0x000000BE */
  334:  volatile PWMDTY45STR _PWMDTY45;                            /* PWM Channel Duty 45 Register; 0x000000C0 */
  335:  volatile PWMDTY67STR _PWMDTY67;                            /* PWM Channel Duty 67 Register; 0x000000C2 */
  336:  volatile SCI0BDSTR _SCI0BD;                                /* SCI 0 Baud Rate Register; 0x000000C8 */
  337:  volatile SCI1BDSTR _SCI1BD;                                /* SCI 1 Baud Rate Register; 0x000000D0 */
  338:  volatile ATD1CTL23STR _ATD1CTL23;                          /* ATD 1 Control Register 23; 0x00000122 */
  339:  volatile ATD1CTL45STR _ATD1CTL45;                          /* ATD 1 Control Register 45; 0x00000124 */
  340:  volatile ATD1DR0STR _ATD1DR0;                              /* ATD 1 Conversion Result Register 0; 0x00000130 */
  341:  volatile ATD1DR1STR _ATD1DR1;                              /* ATD 1 Conversion Result Register 1; 0x00000132 */
  342:  volatile ATD1DR2STR _ATD1DR2;                              /* ATD 1 Conversion Result Register 2; 0x00000134 */
  343:  volatile ATD1DR3STR _ATD1DR3;                              /* ATD 1 Conversion Result Register 3; 0x00000136 */
  344:  volatile ATD1DR4STR _ATD1DR4;                              /* ATD 1 Conversion Result Register 4; 0x00000138 */
  345:  volatile ATD1DR5STR _ATD1DR5;                              /* ATD 1 Conversion Result Register 5; 0x0000013A */
  346:  volatile ATD1DR6STR _ATD1DR6;                              /* ATD 1 Conversion Result Register 6; 0x0000013C */
  347:  volatile ATD1DR7STR _ATD1DR7;                              /* ATD 1 Conversion Result Register 7; 0x0000013E */
  348:  volatile CAN0RXTSRSTR _CAN0RXTSR;                          /* MSCAN 0 Receive Time Stamp Register; 0x0000016E */
  349:  volatile CAN0TXTSRSTR _CAN0TXTSR;                          /* MSCAN 0 Transmit Time Stamp Register; 0x0000017E */
  350:  volatile CAN4RXTSRSTR _CAN4RXTSR;                          /* MSCAN 4 Receive Time Stamp Register; 0x000002AE */
  351:  volatile CAN4TXTSRSTR _CAN4TXTSR;                          /* MSCAN 4 Transmit Time Stamp Register; 0x000002BE */
  352:  /* BAKEY0 - macro for reading non volatile register        Backdoor Access Key 0; 0x0000FF00 */
  353:  /* BAKEY1 - macro for reading non volatile register        Backdoor Access Key 1; 0x0000FF02 */
  354:  /* BAKEY2 - macro for reading non volatile register        Backdoor Access Key 2; 0x0000FF04 */
  355:  /* BAKEY3 - macro for reading non volatile register        Backdoor Access Key 3; 0x0000FF06 */
  356:  
  357:  /*lint -restore */
  358:  
  359:  /* EOF */
  360:  
