*** EVALUATION ***
ANSI-C/cC++ Compiler for HC12 V-5.0.41 Build 10203, Jul 23 2010

    1:  #include "FIFO.h"
    2:  
    3:  unsigned char Buffer[4]; 
    4:  unsigned char Data;
    5:  unsigned char WriteInd = 0;
    6:  unsigned char ReadInd = 0;
    7:  
    8:  void FIFO_Put(unsigned char input){
*** EVALUATION ***

Function: FIFO_Put
Source  : \\psf\Home\Desktop\EE319K\Lab9_TWO\Sources\FIFO.c
Options : -Cc -CPUHCS12 -D__NO_FLOAT__ -D_HCS12_SERIALMON -Env"GENPATH=\\psf\Home\Desktop\EE319K\Lab9_TWO;\\psf\Home\Desktop\EE319K\Lab9_TWO\bin;\\psf\Home\Desktop\EE319K\Lab9_TWO\prm;\\psf\Home\Desktop\EE319K\Lab9_TWO\cmd;\\psf\Home\Desktop\EE319K\Lab9_TWO\Sources;C:\Program Files\Freescale\CWS12v5.1\lib\HC12c\lib;C:\Program Files\Freescale\CWS12v5.1\lib\HC12c\src;C:\Program Files\Freescale\CWS12v5.1\lib\HC12c\include" -Env"LIBPATH=C:\Program Files\Freescale\CWS12v5.1\lib\HC12c\include" -EnvOBJPATH=\\psf\Home\Desktop\EE319K\Lab9_TWO\bin -EnvTEXTPATH=\\psf\Home\Desktop\EE319K\Lab9_TWO\bin -Lasm=%n.lst -Mb -ObjN=\\psf\Home\Desktop\EE319K\Lab9_TWO\Lab9_TWO_Data\Standard\ObjectCode\FIFO.c.o

  0000 37           [2]     PSHB  
    9:     if(WriteInd > 4){     //Wrap around
  0001 f60000       [3]     LDAB  WriteInd
  0004 c104         [1]     CMPB  #4
  0006 2303         [3/1]   BLS   *+5 ;abs = 000b
   10:       WriteInd=0;
  0008 790000       [3]     CLR   WriteInd
   11:     }
   12:     if((ReadInd - WriteInd) == 1) {   // Error condition, try using a counter if this does not work
   13:        /* Error, array full */
   14:     } else {
   15:       if(ReadInd == WriteInd) {
   16:         /* Array empty */
   17:       }
   18:     }
   19:     Buffer[WriteInd] = input;
  000b f60000       [3]     LDAB  WriteInd
  000e a680         [3]     LDAA  0,SP
  0010 ce0000       [2]     LDX   #Buffer
  0013 6ae5         [2]     STAA  B,X
   20:     WriteInd++;          
  0015 720000       [4]     INC   WriteInd
   21:  }
  0018 32           [3]     PULA  
  0019 0a           [7]     RTC   
   22:  
   23:  unsigned char FIFO_Get(){
*** EVALUATION ***

Function: FIFO_Get
Source  : \\psf\Home\Desktop\EE319K\Lab9_TWO\Sources\FIFO.c
Options : -Cc -CPUHCS12 -D__NO_FLOAT__ -D_HCS12_SERIALMON -Env"GENPATH=\\psf\Home\Desktop\EE319K\Lab9_TWO;\\psf\Home\Desktop\EE319K\Lab9_TWO\bin;\\psf\Home\Desktop\EE319K\Lab9_TWO\prm;\\psf\Home\Desktop\EE319K\Lab9_TWO\cmd;\\psf\Home\Desktop\EE319K\Lab9_TWO\Sources;C:\Program Files\Freescale\CWS12v5.1\lib\HC12c\lib;C:\Program Files\Freescale\CWS12v5.1\lib\HC12c\src;C:\Program Files\Freescale\CWS12v5.1\lib\HC12c\include" -Env"LIBPATH=C:\Program Files\Freescale\CWS12v5.1\lib\HC12c\include" -EnvOBJPATH=\\psf\Home\Desktop\EE319K\Lab9_TWO\bin -EnvTEXTPATH=\\psf\Home\Desktop\EE319K\Lab9_TWO\bin -Lasm=%n.lst -Mb -ObjN=\\psf\Home\Desktop\EE319K\Lab9_TWO\Lab9_TWO_Data\Standard\ObjectCode\FIFO.c.o

   24:    if(ReadInd>4) {        //Wrap around
  0000 f60000       [3]     LDAB  ReadInd
  0003 c104         [1]     CMPB  #4
  0005 2303         [3/1]   BLS   *+5 ;abs = 000a
   25:      ReadInd=0; 
  0007 790000       [3]     CLR   ReadInd
   26:    }
   27:    if((ReadInd - WriteInd) == 1) {   // Error condition, try using a counter if this does not work
   28:       /* Error, array full */
   29:    } else {
   30:      if(ReadInd == WriteInd) {
   31:        /* Array empty */
   32:      }
   33:    }
   34:    Data = Buffer[ReadInd];
  000a f60000       [3]     LDAB  ReadInd
  000d ce0000       [2]     LDX   #Buffer
  0010 e6e5         [3]     LDAB  B,X
  0012 7b0000       [3]     STAB  Data
   35:    ReadInd++;
  0015 720000       [4]     INC   ReadInd
   36:    return Data; 
   37:  }    
  0018 0a           [7]     RTC   
