*** EVALUATION ***
ANSI-C/cC++ Compiler for HC12 V-5.0.41 Build 10203, Jul 23 2010

    1:  // sci_Init and sci_Out functions
    2:  // initialize SCI, use busy-wait to send 1byte frames
    3:  #include "derivative.h"
    4:  
    5:  void sci1_Init(void) {
*** EVALUATION ***

Function: sci1_Init
Source  : \\psf\Home\Desktop\EE319K\Lab9_TWO\Sources\sci1.c
Options : -Cc -CPUHCS12 -D__NO_FLOAT__ -D_HCS12_SERIALMON -Env"GENPATH=\\psf\Home\Desktop\EE319K\Lab9_TWO;\\psf\Home\Desktop\EE319K\Lab9_TWO\bin;\\psf\Home\Desktop\EE319K\Lab9_TWO\prm;\\psf\Home\Desktop\EE319K\Lab9_TWO\cmd;\\psf\Home\Desktop\EE319K\Lab9_TWO\Sources;C:\Program Files\Freescale\CWS12v5.1\lib\HC12c\lib;C:\Program Files\Freescale\CWS12v5.1\lib\HC12c\src;C:\Program Files\Freescale\CWS12v5.1\lib\HC12c\include" -Env"LIBPATH=C:\Program Files\Freescale\CWS12v5.1\lib\HC12c\include" -EnvOBJPATH=\\psf\Home\Desktop\EE319K\Lab9_TWO\bin -EnvTEXTPATH=\\psf\Home\Desktop\EE319K\Lab9_TWO\bin -Lasm=%n.lst -Mb -ObjN=\\psf\Home\Desktop\EE319K\Lab9_TWO\Lab9_TWO_Data\Standard\ObjectCode\sci1.c.o -WmsgSd1106

    6:    SCI1CR2 = 0x0C;
  0000 c60c         [1]     LDAB  #12
  0002 5b00         [2]     STAB  _SCI1CR2
    7:    SCI1BD = 13;   // Sets baud rate to 38400 bps
  0004 52           [1]     INCB  
  0005 87           [1]     CLRA  
  0006 5c00         [2]     STD   _SCI1BD
    8:  }
  0008 0a           [7]     RTC   
    9:  
   10:  void sci1_OutChar(unsigned char Data) {
*** EVALUATION ***

Function: sci1_OutChar
Source  : \\psf\Home\Desktop\EE319K\Lab9_TWO\Sources\sci1.c
Options : -Cc -CPUHCS12 -D__NO_FLOAT__ -D_HCS12_SERIALMON -Env"GENPATH=\\psf\Home\Desktop\EE319K\Lab9_TWO;\\psf\Home\Desktop\EE319K\Lab9_TWO\bin;\\psf\Home\Desktop\EE319K\Lab9_TWO\prm;\\psf\Home\Desktop\EE319K\Lab9_TWO\cmd;\\psf\Home\Desktop\EE319K\Lab9_TWO\Sources;C:\Program Files\Freescale\CWS12v5.1\lib\HC12c\lib;C:\Program Files\Freescale\CWS12v5.1\lib\HC12c\src;C:\Program Files\Freescale\CWS12v5.1\lib\HC12c\include" -Env"LIBPATH=C:\Program Files\Freescale\CWS12v5.1\lib\HC12c\include" -EnvOBJPATH=\\psf\Home\Desktop\EE319K\Lab9_TWO\bin -EnvTEXTPATH=\\psf\Home\Desktop\EE319K\Lab9_TWO\bin -Lasm=%n.lst -Mb -ObjN=\\psf\Home\Desktop\EE319K\Lab9_TWO\Lab9_TWO_Data\Standard\ObjectCode\sci1.c.o -WmsgSd1106

  0000 6bae         [2]     STAB  2,-SP
   11:     unsigned char SR1Mask = 0;
   12:     SR1Mask &= 0x80;
  0002 6981         [2]     CLR   1,SP
   13:     while(SR1Mask != 1) { }
  0004 e681         [3]     LDAB  1,SP
  0006 0431fb       [3]     DBNE  B,*-2 ;abs = 0004
   14:     SCI1DRL = Data;
  0009 e6b1         [3]     LDAB  2,SP+
  000b 5b00         [2]     STAB  _SCI1DRL
   15:  }
  000d 0a           [7]     RTC   
