*** EVALUATION ***
ANSI-C/cC++ Compiler for HC12 V-5.0.41 Build 10203, Jul 23 2010

    1:  #include "FIFO.h"
    2:  
    3:  unsigned char Buffer[4]; 
    4:  unsigned char Data;
    5:  unsigned char WriteInd;
    6:  unsigned char ReadInd; 
    7:  
    8:  void FIFO_Init(void){
*** EVALUATION ***

Function: FIFO_Init
Source  : \\psf\Home\Desktop\Lab9_TRUE\Sources\FIFO.c
Options : -Cc -CPUHCS12 -D_HCS12_SERIALMON -D__NO_FLOAT__ -Env"GENPATH=\\psf\Home\Desktop\Lab9_TRUE;\\psf\Home\Desktop\Lab9_TRUE\bin;\\psf\Home\Desktop\Lab9_TRUE\prm;\\psf\Home\Desktop\Lab9_TRUE\cmd;\\psf\Home\Desktop\Lab9_TRUE\Sources;C:\Program Files\Freescale\CWS12v5.1\lib\HC12c\lib;C:\Program Files\Freescale\CWS12v5.1\lib\HC12c\src;\\psf\Home\Desktop\EE319K\Lab8(ACD)\Sources;C:\Program Files\Freescale\CWS12v5.1\lib\HC12c\include" -Env"LIBPATH=C:\Program Files\Freescale\CWS12v5.1\lib\HC12c\include" -EnvOBJPATH=\\psf\Home\Desktop\Lab9_TRUE\bin -EnvTEXTPATH=\\psf\Home\Desktop\Lab9_TRUE\bin -Lasm=%n.lst -Ms -ObjN=\\psf\Home\Desktop\Lab9_TRUE\Lab8_Data\Standard\ObjectCode\FIFO.c.o

    9:    WriteInd = 0;
  0000 790000       [3]     CLR   WriteInd
   10:    ReadInd = 0;
  0003 790000       [3]     CLR   ReadInd
   11:  }
  0006 3d           [5]     RTS   
   12:  
   13:  int FIFO_Put(unsigned char DATA){ 
*** EVALUATION ***

Function: FIFO_Put
Source  : \\psf\Home\Desktop\Lab9_TRUE\Sources\FIFO.c
Options : -Cc -CPUHCS12 -D_HCS12_SERIALMON -D__NO_FLOAT__ -Env"GENPATH=\\psf\Home\Desktop\Lab9_TRUE;\\psf\Home\Desktop\Lab9_TRUE\bin;\\psf\Home\Desktop\Lab9_TRUE\prm;\\psf\Home\Desktop\Lab9_TRUE\cmd;\\psf\Home\Desktop\Lab9_TRUE\Sources;C:\Program Files\Freescale\CWS12v5.1\lib\HC12c\lib;C:\Program Files\Freescale\CWS12v5.1\lib\HC12c\src;\\psf\Home\Desktop\EE319K\Lab8(ACD)\Sources;C:\Program Files\Freescale\CWS12v5.1\lib\HC12c\include" -Env"LIBPATH=C:\Program Files\Freescale\CWS12v5.1\lib\HC12c\include" -EnvOBJPATH=\\psf\Home\Desktop\Lab9_TRUE\bin -EnvTEXTPATH=\\psf\Home\Desktop\Lab9_TRUE\bin -Lasm=%n.lst -Ms -ObjN=\\psf\Home\Desktop\Lab9_TRUE\Lab8_Data\Standard\ObjectCode\FIFO.c.o

  0000 37           [2]     PSHB  
   14:     if(WriteInd > 4){     //Wrap around
  0001 f60000       [3]     LDAB  WriteInd
  0004 c104         [1]     CMPB  #4
  0006 2303         [3/1]   BLS   *+5 ;abs = 000b
   15:       WriteInd=0;
  0008 790000       [3]     CLR   WriteInd
   16:     }
   17:  // Error, if Read at end of array and write at front, not difference of 1   
   18:  /*   if((ReadInd - WriteInd) == 1) {   // Error condition, try using a counter if this does not work
   19:        return 0;   // Error
   20:     } */
   21:     Buffer[WriteInd] = DATA;
  000b f60000       [3]     LDAB  WriteInd
  000e a680         [3]     LDAA  0,SP
  0010 ce0000       [2]     LDX   #Buffer
  0013 6ae5         [2]     STAA  B,X
   22:     WriteInd++;
  0015 720000       [4]     INC   WriteInd
   23:     return 1;          
  0018 c601         [1]     LDAB  #1
  001a 87           [1]     CLRA  
   24:  }
  001b 1b81         [2]     LEAS  1,SP
  001d 3d           [5]     RTS   
   25:  
   26:  unsigned char FIFO_Get(void){
*** EVALUATION ***

Function: FIFO_Get
Source  : \\psf\Home\Desktop\Lab9_TRUE\Sources\FIFO.c
Options : -Cc -CPUHCS12 -D_HCS12_SERIALMON -D__NO_FLOAT__ -Env"GENPATH=\\psf\Home\Desktop\Lab9_TRUE;\\psf\Home\Desktop\Lab9_TRUE\bin;\\psf\Home\Desktop\Lab9_TRUE\prm;\\psf\Home\Desktop\Lab9_TRUE\cmd;\\psf\Home\Desktop\Lab9_TRUE\Sources;C:\Program Files\Freescale\CWS12v5.1\lib\HC12c\lib;C:\Program Files\Freescale\CWS12v5.1\lib\HC12c\src;\\psf\Home\Desktop\EE319K\Lab8(ACD)\Sources;C:\Program Files\Freescale\CWS12v5.1\lib\HC12c\include" -Env"LIBPATH=C:\Program Files\Freescale\CWS12v5.1\lib\HC12c\include" -EnvOBJPATH=\\psf\Home\Desktop\Lab9_TRUE\bin -EnvTEXTPATH=\\psf\Home\Desktop\Lab9_TRUE\bin -Lasm=%n.lst -Ms -ObjN=\\psf\Home\Desktop\Lab9_TRUE\Lab8_Data\Standard\ObjectCode\FIFO.c.o

   27:    if(ReadInd>4) {        //Wrap around
  0000 f60000       [3]     LDAB  ReadInd
  0003 c104         [1]     CMPB  #4
  0005 2303         [3/1]   BLS   *+5 ;abs = 000a
   28:      ReadInd=0; 
  0007 790000       [3]     CLR   ReadInd
   29:    }                               
   30:    if(ReadInd == WriteInd) {         // Error condition, try using counter if fails
  000a f60000       [3]     LDAB  ReadInd
  000d f10000       [3]     CMPB  WriteInd
  0010 2602         [3/1]   BNE   *+4 ;abs = 0014
   31:       return 0;    // Error
  0012 c7           [1]     CLRB  
  0013 3d           [5]     RTS   
   32:    }  
   33:    Data = Buffer[ReadInd];
  0014 ce0000       [2]     LDX   #Buffer
  0017 e6e5         [3]     LDAB  B,X
  0019 7b0000       [3]     STAB  Data
   34:    ReadInd++;
  001c 720000       [4]     INC   ReadInd
   35:    return Data; 
   36:  }    
  001f 3d           [5]     RTS   
