*** EVALUATION ***
ANSI-C/cC++ Compiler for HC12 V-5.0.41 Build 10203, Jul 23 2010

    1:  // sci_Init and sci_Out functions
    2:  // initialize SCI, use busy-wait to send 1byte frames
    3:  #include "derivative.h"
    4:  
    5:  void sci1_Init(void) {
*** EVALUATION ***

Function: sci1_Init
Source  : \\psf\Home\Desktop\Lab9_TRUE\Sources\sci1T.c
Options : -Cc -CPUHCS12 -D_HCS12_SERIALMON -D__NO_FLOAT__ -Env"GENPATH=\\psf\Home\Desktop\Lab9_TRUE;\\psf\Home\Desktop\Lab9_TRUE\bin;\\psf\Home\Desktop\Lab9_TRUE\prm;\\psf\Home\Desktop\Lab9_TRUE\cmd;\\psf\Home\Desktop\Lab9_TRUE\Sources;C:\Program Files\Freescale\CWS12v5.1\lib\HC12c\lib;C:\Program Files\Freescale\CWS12v5.1\lib\HC12c\src;\\psf\Home\Desktop\EE319K\Lab8(ACD)\Sources;C:\Program Files\Freescale\CWS12v5.1\lib\HC12c\include" -Env"LIBPATH=C:\Program Files\Freescale\CWS12v5.1\lib\HC12c\include" -EnvOBJPATH=\\psf\Home\Desktop\Lab9_TRUE\bin -EnvTEXTPATH=\\psf\Home\Desktop\Lab9_TRUE\bin -Lasm=%n.lst -Ms -ObjN=\\psf\Home\Desktop\Lab9_TRUE\Lab8_Data\Standard\ObjectCode\sci1T.c.o -WmsgSd1106

    6:    SCI1CR2 = 0x0C;
  0000 c60c         [1]     LDAB  #12
  0002 5b00         [2]     STAB  _SCI1CR2
    7:    SCI1BD = 13;   // Sets baud rate to 38400 bps
  0004 52           [1]     INCB  
  0005 87           [1]     CLRA  
  0006 5c00         [2]     STD   _SCI1BD
    8:  }
  0008 3d           [5]     RTS   
    9:  
   10:  void sci1_OutChar(unsigned char Data) {
*** EVALUATION ***

Function: sci1_OutChar
Source  : \\psf\Home\Desktop\Lab9_TRUE\Sources\sci1T.c
Options : -Cc -CPUHCS12 -D_HCS12_SERIALMON -D__NO_FLOAT__ -Env"GENPATH=\\psf\Home\Desktop\Lab9_TRUE;\\psf\Home\Desktop\Lab9_TRUE\bin;\\psf\Home\Desktop\Lab9_TRUE\prm;\\psf\Home\Desktop\Lab9_TRUE\cmd;\\psf\Home\Desktop\Lab9_TRUE\Sources;C:\Program Files\Freescale\CWS12v5.1\lib\HC12c\lib;C:\Program Files\Freescale\CWS12v5.1\lib\HC12c\src;\\psf\Home\Desktop\EE319K\Lab8(ACD)\Sources;C:\Program Files\Freescale\CWS12v5.1\lib\HC12c\include" -Env"LIBPATH=C:\Program Files\Freescale\CWS12v5.1\lib\HC12c\include" -EnvOBJPATH=\\psf\Home\Desktop\Lab9_TRUE\bin -EnvTEXTPATH=\\psf\Home\Desktop\Lab9_TRUE\bin -Lasm=%n.lst -Ms -ObjN=\\psf\Home\Desktop\Lab9_TRUE\Lab8_Data\Standard\ObjectCode\sci1T.c.o -WmsgSd1106

  0000 6bae         [2]     STAB  2,-SP
   11:     unsigned char SR1Mask = 0;
   12:     SR1Mask = (SCI1SR1&0x80);
  0002 d600         [3]     LDAB  _SCI1SR1
  0004 c480         [1]     ANDB  #128
  0006 6b81         [2]     STAB  1,SP
   13:     while(SR1Mask != 0x80) { }
  0008 e681         [3]     LDAB  1,SP
  000a c180         [1]     CMPB  #128
  000c 26fa         [3/1]   BNE   *-4 ;abs = 0008
   14:     SCI1DRL = Data;
  000e e6b1         [3]     LDAB  2,SP+
  0010 5b00         [2]     STAB  _SCI1DRL
   15:  }
  0012 3d           [5]     RTS   
